;  LST file generated by mikroListExporter - v.2.0 
; Date/Time: 27/04/2022 17:30:28
;----------------------------------------------

;Address Opcode 	ASM
0x0000	0xF005EFCA  	GOTO        2964
0x0004	0x0000      	NOP
0x0006	0x0000      	NOP
0x0008	0xF000EF00  	GOTO        0
0x000C	0x0000      	NOP
0x000E	0x0000      	NOP
0x0010	0x0000      	NOP
0x0012	0x0000      	NOP
0x0014	0x0000      	NOP
0x0016	0x0000      	NOP
0x0018	0xD7F3      	BRA         0
_FIXSIGN32:
;__Lib_MathDouble.c,117 :: 		
;__Lib_MathDouble.c,121 :: 		
0x001C	0xAE0A      	BTFSS       R10, 7, 0
;__Lib_MathDouble.c,122 :: 		
0x001E	0x9E02      	BCF         R2, 7, 0
;__Lib_MathDouble.c,123 :: 		
0x0020	0x0E00      	MOVLW       0
;__Lib_MathDouble.c,125 :: 		
L_end_FIXSIGN32:
0x0022	0x0012      	RETURN      0
; end of _FIXSIGN32
_SETFOV32:
;__Lib_MathDouble.c,82 :: 		
;__Lib_MathDouble.c,90 :: 		
0x0024	0x820B      	BSF         R11, 1, 0
;__Lib_MathDouble.c,91 :: 		
0x0026	0xAE0B      	BTFSS       R11, 7, 0
;__Lib_MathDouble.c,92 :: 		
0x0028	0xF000EF1C  	GOTO        SETFOV32EEE
;__Lib_MathDouble.c,94 :: 		
0x002C	0x6803      	SETF        R3, 0
;__Lib_MathDouble.c,95 :: 		
0x002E	0x6802      	SETF        R2, 0
;__Lib_MathDouble.c,96 :: 		
0x0030	0x6801      	SETF        R1, 0
;__Lib_MathDouble.c,97 :: 		
0x0032	0x6800      	SETF        R0, 0
;__Lib_MathDouble.c,98 :: 		
0x0034	0x360A      	RLCF        R10, 1, 0
;__Lib_MathDouble.c,99 :: 		
0x0036	0x3202      	RRCF        R2, 1, 0
;__Lib_MathDouble.c,100 :: 		
SETFOV32EEE:
;__Lib_MathDouble.c,101 :: 		
0x0038	0x0EFF      	MOVLW       255
;__Lib_MathDouble.c,103 :: 		
L_end_SETFOV32:
0x003A	0x0012      	RETURN      0
; end of _SETFOV32
_RES032:
;__Lib_MathDouble.c,128 :: 		
;__Lib_MathDouble.c,134 :: 		
0x003C	0x6A02      	CLRF        R2, 0
;__Lib_MathDouble.c,135 :: 		
0x003E	0x6A01      	CLRF        R1, 0
;__Lib_MathDouble.c,136 :: 		
0x0040	0x6A00      	CLRF        R0, 0
;__Lib_MathDouble.c,137 :: 		
0x0042	0x6A08      	CLRF        R8, 0
;__Lib_MathDouble.c,138 :: 		
0x0044	0x6A03      	CLRF        R3, 0
;__Lib_MathDouble.c,139 :: 		
0x0046	0x0E00      	MOVLW       0
;__Lib_MathDouble.c,141 :: 		
L_end_RES032:
0x0048	0x0012      	RETURN      0
; end of _RES032
_SETFUN32:
;__Lib_MathDouble.c,144 :: 		
;__Lib_MathDouble.c,152 :: 		
0x004A	0x840B      	BSF         R11, 2, 0
;__Lib_MathDouble.c,153 :: 		
0x004C	0xAE0B      	BTFSS       R11, 7, 0
;__Lib_MathDouble.c,154 :: 		
0x004E	0xF000EF30  	GOTO        SETFUN32EEE
;__Lib_MathDouble.c,156 :: 		
0x0052	0x0E01      	MOVLW       1
;__Lib_MathDouble.c,157 :: 		
0x0054	0x6E03      	MOVWF       R3, 0
;__Lib_MathDouble.c,158 :: 		
0x0056	0x6A02      	CLRF        R2, 0
;__Lib_MathDouble.c,159 :: 		
0x0058	0x6A01      	CLRF        R1, 0
;__Lib_MathDouble.c,160 :: 		
0x005A	0x6A00      	CLRF        R0, 0
;__Lib_MathDouble.c,161 :: 		
0x005C	0x360A      	RLCF        R10, 1, 0
;__Lib_MathDouble.c,162 :: 		
0x005E	0x3202      	RRCF        R2, 1, 0
;__Lib_MathDouble.c,163 :: 		
SETFUN32EEE:
;__Lib_MathDouble.c,164 :: 		
0x0060	0x0EFF      	MOVLW       255
;__Lib_MathDouble.c,166 :: 		
L_end_SETFUN32:
0x0062	0x0012      	RETURN      0
; end of _SETFUN32
_UART1_Write:
;__Lib_UART_c67.c,58 :: 		
;__Lib_UART_c67.c,59 :: 		
L_UART1_Write3:
0x0064	0xB2AC      	BTFSC       TXSTA, 1 
0x0066	0xD002      	BRA         L_UART1_Write4
;__Lib_UART_c67.c,60 :: 		
0x0068	0x0000      	NOP
0x006A	0xD7FC      	BRA         L_UART1_Write3
L_UART1_Write4:
;__Lib_UART_c67.c,61 :: 		
0x006C	0xFFADC059  	MOVFF       FARG_UART1_Write_data_, TXREG
;__Lib_UART_c67.c,62 :: 		
L_end_UART1_Write:
0x0070	0x0012      	RETURN      0
; end of _UART1_Write
_Mul_32x32_FP:
;__Lib_MathDouble.c,1130 :: 		
;__Lib_MathDouble.c,1148 :: 		
0x0072	0x6A08      	CLRF        R8, 0
;__Lib_MathDouble.c,1149 :: 		
0x0074	0x6A09      	CLRF        R9, 0
;__Lib_MathDouble.c,1151 :: 		
0x0076	0x0E00      	MOVLW       0
;__Lib_MathDouble.c,1152 :: 		
0x0078	0x6207      	CPFSEQ      R7, 0
;__Lib_MathDouble.c,1153 :: 		
0x007A	0x6403      	CPFSGT      R3, 0
;__Lib_MathDouble.c,1154 :: 		
0x007C	0xF000EFBE  	GOTO        MULJPRES032
;__Lib_MathDouble.c,1157 :: 		
0x0080	0x5002      	MOVF        R2, 0, 0
;__Lib_MathDouble.c,1158 :: 		
0x0082	0x1806      	XORWF       R6, 0, 0
;__Lib_MathDouble.c,1159 :: 		
0x0084	0x6E0A      	MOVWF       R10, 0
;__Lib_MathDouble.c,1161 :: 		
0x0086	0x5007      	MOVF        R7, 0, 0
;__Lib_MathDouble.c,1162 :: 		
0x0088	0x2603      	ADDWF       R3, 1, 0
;__Lib_MathDouble.c,1163 :: 		
0x008A	0x0E7E      	MOVLW       126
;__Lib_MathDouble.c,1164 :: 		
0x008C	0xA0D8      	BTFSS       STATUS, 0, 0
;__Lib_MathDouble.c,1165 :: 		
0x008E	0xF000EF4F  	GOTO        MTUN32
;__Lib_MathDouble.c,1167 :: 		
0x0092	0x5E03      	SUBWF       R3, 1, 0
;__Lib_MathDouble.c,1168 :: 		
0x0094	0xB0D8      	BTFSC       STATUS, 0, 0
;__Lib_MathDouble.c,1169 :: 		
0x0096	0xF000EFC2  	GOTO        MULJPSETFOV32
;__Lib_MathDouble.c,1170 :: 		
0x009A	0xF000EF53  	GOTO        MOK32
;__Lib_MathDouble.c,1172 :: 		
MTUN32:
;__Lib_MathDouble.c,1173 :: 		
0x009E	0x5E03      	SUBWF       R3, 1, 0
;__Lib_MathDouble.c,1174 :: 		
0x00A0	0xA0D8      	BTFSS       STATUS, 0, 0
;__Lib_MathDouble.c,1175 :: 		
0x00A2	0xF000EFC6  	GOTO        MULJPSETFUN32
;__Lib_MathDouble.c,1177 :: 		
MOK32:
;__Lib_MathDouble.c,1178 :: 		
0x00A6	0x8E02      	BSF         R2, 7, 0
;__Lib_MathDouble.c,1179 :: 		
0x00A8	0x8E06      	BSF         R6, 7, 0
;__Lib_MathDouble.c,1181 :: 		
0x00AA	0xF00EC002  	MOVFF       R2, R14
;__Lib_MathDouble.c,1182 :: 		
0x00AE	0xF00BC001  	MOVFF       R1, R11
;__Lib_MathDouble.c,1183 :: 		
0x00B2	0xF00DC000  	MOVFF       R0, R13
;__Lib_MathDouble.c,1185 :: 		
0x00B6	0x5000      	MOVF        R0, 0, 0
;__Lib_MathDouble.c,1186 :: 		
0x00B8	0x0204      	MULWF       R4, 0
;__Lib_MathDouble.c,1187 :: 		
0x00BA	0xF00CCFF4  	MOVFF       PRODH, R12
;__Lib_MathDouble.c,1189 :: 		
0x00BE	0x5001      	MOVF        R1, 0, 0
;__Lib_MathDouble.c,1190 :: 		
0x00C0	0x0205      	MULWF       R5, 0
;__Lib_MathDouble.c,1191 :: 		
0x00C2	0xF000CFF4  	MOVFF       PRODH, R0
;__Lib_MathDouble.c,1192 :: 		
0x00C6	0xF008CFF3  	MOVFF       PRODL, R8
;__Lib_MathDouble.c,1194 :: 		
0x00CA	0x0204      	MULWF       R4, 0
;__Lib_MathDouble.c,1195 :: 		
0x00CC	0x50F3      	MOVF        PRODL, 0, 0
;__Lib_MathDouble.c,1196 :: 		
0x00CE	0x260C      	ADDWF       R12, 1, 0
;__Lib_MathDouble.c,1197 :: 		
0x00D0	0x50F4      	MOVF        PRODH, 0, 0
;__Lib_MathDouble.c,1198 :: 		
0x00D2	0x2208      	ADDWFC      R8, 1, 0
;__Lib_MathDouble.c,1199 :: 		
0x00D4	0x0E00      	MOVLW       0
;__Lib_MathDouble.c,1200 :: 		
0x00D6	0x2200      	ADDWFC      R0, 1, 0
;__Lib_MathDouble.c,1202 :: 		
0x00D8	0x500D      	MOVF        R13, 0, 0
;__Lib_MathDouble.c,1203 :: 		
0x00DA	0x0205      	MULWF       R5, 0
;__Lib_MathDouble.c,1204 :: 		
0x00DC	0x50F3      	MOVF        PRODL, 0, 0
;__Lib_MathDouble.c,1205 :: 		
0x00DE	0x260C      	ADDWF       R12, 1, 0
;__Lib_MathDouble.c,1206 :: 		
0x00E0	0x50F4      	MOVF        PRODH, 0, 0
;__Lib_MathDouble.c,1207 :: 		
0x00E2	0x2208      	ADDWFC      R8, 1, 0
;__Lib_MathDouble.c,1208 :: 		
0x00E4	0x0E00      	MOVLW       0
;__Lib_MathDouble.c,1209 :: 		
0x00E6	0x2200      	ADDWFC      R0, 1, 0
;__Lib_MathDouble.c,1211 :: 		
0x00E8	0x5002      	MOVF        R2, 0, 0
;__Lib_MathDouble.c,1212 :: 		
0x00EA	0x0204      	MULWF       R4, 0
;__Lib_MathDouble.c,1213 :: 		
0x00EC	0x50F3      	MOVF        PRODL, 0, 0
;__Lib_MathDouble.c,1214 :: 		
0x00EE	0x2608      	ADDWF       R8, 1, 0
;__Lib_MathDouble.c,1215 :: 		
0x00F0	0x50F4      	MOVF        PRODH, 0, 0
;__Lib_MathDouble.c,1216 :: 		
0x00F2	0x2200      	ADDWFC      R0, 1, 0
;__Lib_MathDouble.c,1217 :: 		
0x00F4	0x5002      	MOVF        R2, 0, 0
;__Lib_MathDouble.c,1218 :: 		
0x00F6	0x0205      	MULWF       R5, 0
;__Lib_MathDouble.c,1219 :: 		
0x00F8	0x6A01      	CLRF        R1, 0
;__Lib_MathDouble.c,1220 :: 		
0x00FA	0x0E00      	MOVLW       0
;__Lib_MathDouble.c,1221 :: 		
0x00FC	0x2201      	ADDWFC      R1, 1, 0
;__Lib_MathDouble.c,1222 :: 		
0x00FE	0x50F3      	MOVF        PRODL, 0, 0
;__Lib_MathDouble.c,1223 :: 		
0x0100	0x2600      	ADDWF       R0, 1, 0
;__Lib_MathDouble.c,1224 :: 		
0x0102	0x50F4      	MOVF        PRODH, 0, 0
;__Lib_MathDouble.c,1225 :: 		
0x0104	0x2201      	ADDWFC      R1, 1, 0
;__Lib_MathDouble.c,1227 :: 		
0x0106	0x500D      	MOVF        R13, 0, 0
;__Lib_MathDouble.c,1228 :: 		
0x0108	0x0206      	MULWF       R6, 0
;__Lib_MathDouble.c,1229 :: 		
0x010A	0x50F3      	MOVF        PRODL, 0, 0
;__Lib_MathDouble.c,1230 :: 		
0x010C	0x2608      	ADDWF       R8, 1, 0
;__Lib_MathDouble.c,1231 :: 		
0x010E	0x50F4      	MOVF        PRODH, 0, 0
;__Lib_MathDouble.c,1232 :: 		
0x0110	0x2200      	ADDWFC      R0, 1, 0
;__Lib_MathDouble.c,1233 :: 		
0x0112	0x6A02      	CLRF        R2, 0
;__Lib_MathDouble.c,1234 :: 		
0x0114	0x0E00      	MOVLW       0
;__Lib_MathDouble.c,1235 :: 		
0x0116	0x2201      	ADDWFC      R1, 1, 0
;__Lib_MathDouble.c,1236 :: 		
0x0118	0x2202      	ADDWFC      R2, 1, 0
;__Lib_MathDouble.c,1238 :: 		
0x011A	0x500B      	MOVF        R11, 0, 0
;__Lib_MathDouble.c,1239 :: 		
0x011C	0x0206      	MULWF       R6, 0
;__Lib_MathDouble.c,1240 :: 		
0x011E	0x50F3      	MOVF        PRODL, 0, 0
;__Lib_MathDouble.c,1241 :: 		
0x0120	0x2600      	ADDWF       R0, 1, 0
;__Lib_MathDouble.c,1242 :: 		
0x0122	0x50F4      	MOVF        PRODH, 0, 0
;__Lib_MathDouble.c,1243 :: 		
0x0124	0x2201      	ADDWFC      R1, 1, 0
;__Lib_MathDouble.c,1244 :: 		
0x0126	0x0E00      	MOVLW       0
;__Lib_MathDouble.c,1245 :: 		
0x0128	0x2202      	ADDWFC      R2, 1, 0
;__Lib_MathDouble.c,1247 :: 		
0x012A	0x500E      	MOVF        R14, 0, 0
;__Lib_MathDouble.c,1248 :: 		
0x012C	0x0206      	MULWF       R6, 0
;__Lib_MathDouble.c,1249 :: 		
0x012E	0x50F3      	MOVF        PRODL, 0, 0
;__Lib_MathDouble.c,1250 :: 		
0x0130	0x2601      	ADDWF       R1, 1, 0
;__Lib_MathDouble.c,1251 :: 		
0x0132	0x50F4      	MOVF        PRODH, 0, 0
;__Lib_MathDouble.c,1252 :: 		
0x0134	0x2202      	ADDWFC      R2, 1, 0
;__Lib_MathDouble.c,1254 :: 		
0x0136	0xBE02      	BTFSC       R2, 7, 0
;__Lib_MathDouble.c,1255 :: 		
0x0138	0xF000EFA6  	GOTO        MROUND32
;__Lib_MathDouble.c,1256 :: 		
0x013C	0x3608      	RLCF        R8, 1, 0
;__Lib_MathDouble.c,1257 :: 		
0x013E	0x3600      	RLCF        R0, 1, 0
;__Lib_MathDouble.c,1258 :: 		
0x0140	0x3601      	RLCF        R1, 1, 0
;__Lib_MathDouble.c,1259 :: 		
0x0142	0x3602      	RLCF        R2, 1, 0
;__Lib_MathDouble.c,1260 :: 		
0x0144	0x0603      	DECF        R3, 1, 0
;__Lib_MathDouble.c,1261 :: 		
0x0146	0xB4D8      	BTFSC       STATUS, 2, 0
;__Lib_MathDouble.c,1262 :: 		
0x0148	0xF000EFC6  	GOTO        MULJPSETFUN32
;__Lib_MathDouble.c,1264 :: 		
MROUND32:
;__Lib_MathDouble.c,1267 :: 		
0x014C	0xF000EFB9  	GOTO        MUL32OK
;__Lib_MathDouble.c,1268 :: 		
0x0150	0x80D8      	BSF         STATUS, 0, 0
;__Lib_MathDouble.c,1269 :: 		
0x0152	0x0E80      	MOVLW       128
;__Lib_MathDouble.c,1270 :: 		
0x0154	0x6408      	CPFSGT      R8, 0
;__Lib_MathDouble.c,1271 :: 		
0x0156	0x3000      	RRCF        R0, 0, 0
;__Lib_MathDouble.c,1272 :: 		
0x0158	0x0E00      	MOVLW       0
;__Lib_MathDouble.c,1273 :: 		
0x015A	0x2200      	ADDWFC      R0, 1, 0
;__Lib_MathDouble.c,1274 :: 		
0x015C	0x2201      	ADDWFC      R1, 1, 0
;__Lib_MathDouble.c,1275 :: 		
0x015E	0x2202      	ADDWFC      R2, 1, 0
;__Lib_MathDouble.c,1277 :: 		
0x0160	0xA0D8      	BTFSS       STATUS, 0, 0
;__Lib_MathDouble.c,1278 :: 		
0x0162	0xF000EFB9  	GOTO        MUL32OK
;__Lib_MathDouble.c,1279 :: 		
0x0166	0x3202      	RRCF        R2, 1, 0
;__Lib_MathDouble.c,1280 :: 		
0x0168	0x3201      	RRCF        R1, 1, 0
;__Lib_MathDouble.c,1281 :: 		
0x016A	0x3200      	RRCF        R0, 1, 0
;__Lib_MathDouble.c,1282 :: 		
0x016C	0x4A03      	INFSNZ      R3, 1, 0
;__Lib_MathDouble.c,1283 :: 		
0x016E	0xF000EFC2  	GOTO        MULJPSETFOV32
;__Lib_MathDouble.c,1285 :: 		
MUL32OK:
;__Lib_MathDouble.c,1286 :: 		
0x0172	0xAE0A      	BTFSS       R10, 7, 0
;__Lib_MathDouble.c,1287 :: 		
0x0174	0x9E02      	BCF         R2, 7, 0
;__Lib_MathDouble.c,1289 :: 		
0x0176	0x0E00      	MOVLW       0
;__Lib_MathDouble.c,1290 :: 		
0x0178	0xF000EFC8  	GOTO        MULEEE
;__Lib_MathDouble.c,1291 :: 		
MULJPRES032:
;__Lib_MathDouble.c,1292 :: 		
0x017C	0x0E01      	MOVLW       1
;__Lib_MathDouble.c,1295 :: 		
0x017E	0xDF5E      	RCALL       _RES032
;__Lib_MathDouble.c,1297 :: 		
0x0180	0xF000EFC8  	GOTO        MULEEE
;__Lib_MathDouble.c,1298 :: 		
MULJPSETFOV32:
;__Lib_MathDouble.c,1299 :: 		
0x0184	0x0E02      	MOVLW       2
;__Lib_MathDouble.c,1302 :: 		
0x0186	0xDF4E      	RCALL       _SETFOV32
;__Lib_MathDouble.c,1304 :: 		
0x0188	0xF000EFC8  	GOTO        MULEEE
;__Lib_MathDouble.c,1305 :: 		
MULJPSETFUN32:
;__Lib_MathDouble.c,1306 :: 		
0x018C	0x0E04      	MOVLW       4
;__Lib_MathDouble.c,1309 :: 		
0x018E	0xDF5D      	RCALL       _SETFUN32
;__Lib_MathDouble.c,1311 :: 		
MULEEE:
;__Lib_MathDouble.c,1318 :: 		
L_end_Mul_32x32_FP:
0x0190	0x0012      	RETURN      0
; end of _Mul_32x32_FP
_Delay_22us:
;__Lib_Delays.c,15 :: 		void Delay_22us() {
;__Lib_Delays.c,16 :: 		Delay_us(22);
0x0192	0x0E0E      	MOVLW       14
0x0194	0x6E0D      	MOVWF       R13, 0
L_Delay_22us1:
0x0196	0x2E0D      	DECFSZ      R13, 1, 0
0x0198	0xD7FE      	BRA         L_Delay_22us1
0x019A	0x0000      	NOP
;__Lib_Delays.c,17 :: 		}
L_end_Delay_22us:
0x019C	0x0012      	RETURN      0
; end of _Delay_22us
_NRM3232:
;__Lib_MathDouble.c,455 :: 		
;__Lib_MathDouble.c,463 :: 		
0x019E	0x6A0C      	CLRF        R12, 0
;__Lib_MathDouble.c,464 :: 		
0x01A0	0x6A0E      	CLRF        R14, 0
;__Lib_MathDouble.c,465 :: 		
0x01A2	0x5002      	MOVF        R2, 0, 0
;__Lib_MathDouble.c,466 :: 		
0x01A4	0xA4D8      	BTFSS       STATUS, 2, 0
;__Lib_MathDouble.c,467 :: 		
0x01A6	0xF000EFE8  	GOTO        NORM3232
;__Lib_MathDouble.c,468 :: 		
0x01AA	0xF002C001  	MOVFF       R1, R2
;__Lib_MathDouble.c,469 :: 		
0x01AE	0xF001C000  	MOVFF       R0, R1
;__Lib_MathDouble.c,470 :: 		
0x01B2	0x6A00      	CLRF        R0, 0
;__Lib_MathDouble.c,471 :: 		
0x01B4	0x860E      	BSF         R14, 3, 0
;__Lib_MathDouble.c,473 :: 		
0x01B6	0x5002      	MOVF        R2, 0, 0
;__Lib_MathDouble.c,474 :: 		
0x01B8	0xA4D8      	BTFSS       STATUS, 2, 0
;__Lib_MathDouble.c,475 :: 		
0x01BA	0xF000EFE8  	GOTO        NORM3232
;__Lib_MathDouble.c,476 :: 		
0x01BE	0xF002C001  	MOVFF       R1, R2
;__Lib_MathDouble.c,477 :: 		
0x01C2	0x6A01      	CLRF        R1, 0
;__Lib_MathDouble.c,478 :: 		
0x01C4	0x960E      	BCF         R14, 3, 0
;__Lib_MathDouble.c,479 :: 		
0x01C6	0x880E      	BSF         R14, 4, 0
;__Lib_MathDouble.c,481 :: 		
0x01C8	0x5002      	MOVF        R2, 0, 0
;__Lib_MathDouble.c,482 :: 		
0x01CA	0xB4D8      	BTFSC       STATUS, 2, 0
;__Lib_MathDouble.c,483 :: 		
0x01CC	0xF000EFFA  	GOTO        JPNRES032
;__Lib_MathDouble.c,484 :: 		
NORM3232:
;__Lib_MathDouble.c,485 :: 		
0x01D0	0x500E      	MOVF        R14, 0, 0
;__Lib_MathDouble.c,486 :: 		
0x01D2	0x5E03      	SUBWF       R3, 1, 0
;__Lib_MathDouble.c,487 :: 		
0x01D4	0xA4D8      	BTFSS       STATUS, 2, 0
;__Lib_MathDouble.c,488 :: 		
0x01D6	0xA0D8      	BTFSS       STATUS, 0, 0
;__Lib_MathDouble.c,489 :: 		
0x01D8	0xF000EFFF  	GOTO        JPNSETFUN32
;__Lib_MathDouble.c,490 :: 		
0x01DC	0x90D8      	BCF         STATUS, 0, 0
;__Lib_MathDouble.c,491 :: 		
NORM3232A:
;__Lib_MathDouble.c,492 :: 		
0x01DE	0xBE02      	BTFSC       R2, 7, 0
;__Lib_MathDouble.c,493 :: 		
0x01E0	0xF001EF04  	GOTO        JMPNFIXSIGN32
;__Lib_MathDouble.c,494 :: 		
0x01E4	0x3600      	RLCF        R0, 1, 0
;__Lib_MathDouble.c,495 :: 		
0x01E6	0x3601      	RLCF        R1, 1, 0
;__Lib_MathDouble.c,496 :: 		
0x01E8	0x3602      	RLCF        R2, 1, 0
;__Lib_MathDouble.c,497 :: 		
0x01EA	0x2E03      	DECFSZ      R3, 1, 0
;__Lib_MathDouble.c,498 :: 		
0x01EC	0xF000EFEF  	GOTO        NORM3232A
;__Lib_MathDouble.c,499 :: 		
0x01F0	0xF000EFFF  	GOTO        JPNSETFUN32
;__Lib_MathDouble.c,500 :: 		
JPNRES032:
;__Lib_MathDouble.c,501 :: 		
0x01F4	0x0E01      	MOVLW       1
;__Lib_MathDouble.c,502 :: 		
0x01F6	0x6E0C      	MOVWF       R12, 0
;__Lib_MathDouble.c,504 :: 		
0x01F8	0xDF21      	RCALL       _RES032
;__Lib_MathDouble.c,506 :: 		
0x01FA	0xF001EF07  	GOTO        NORM32EEE
;__Lib_MathDouble.c,507 :: 		
JPNSETFUN32:
;__Lib_MathDouble.c,508 :: 		
0x01FE	0x0E02      	MOVLW       2
;__Lib_MathDouble.c,509 :: 		
0x0200	0x6E0C      	MOVWF       R12, 0
;__Lib_MathDouble.c,511 :: 		
0x0202	0xDF23      	RCALL       _SETFUN32
;__Lib_MathDouble.c,513 :: 		
0x0204	0xF001EF07  	GOTO        NORM32EEE
;__Lib_MathDouble.c,514 :: 		
JMPNFIXSIGN32:
;__Lib_MathDouble.c,515 :: 		
0x0208	0x0E04      	MOVLW       4
;__Lib_MathDouble.c,516 :: 		
0x020A	0x6E0C      	MOVWF       R12, 0
;__Lib_MathDouble.c,518 :: 		
0x020C	0xDF07      	RCALL       _FIXSIGN32
;__Lib_MathDouble.c,520 :: 		
NORM32EEE:
;__Lib_MathDouble.c,527 :: 		
L_end_NRM3232:
0x020E	0x0012      	RETURN      0
; end of _NRM3232
_SETFDZ32:
;__Lib_MathDouble.c,106 :: 		
;__Lib_MathDouble.c,110 :: 		
0x0210	0x6A0B      	CLRF        R11, 0
;__Lib_MathDouble.c,111 :: 		
0x0212	0x860B      	BSF         R11, 3, 0
;__Lib_MathDouble.c,112 :: 		
0x0214	0x0EFF      	MOVLW       255
;__Lib_MathDouble.c,114 :: 		
L_end_SETFDZ32:
0x0216	0x0012      	RETURN      0
; end of _SETFDZ32
_Div_8X8_S:
;__Lib_Math.c,326 :: 		
;__Lib_Math.c,335 :: 		
0x0218	0x6A0D      	CLRF        R13, 0
;__Lib_Math.c,336 :: 		
0x021A	0x6A08      	CLRF        R8, 0
;__Lib_Math.c,337 :: 		
0x021C	0x5000      	MOVF        R0, 0, 0
;__Lib_Math.c,338 :: 		
0x021E	0xB4D8      	BTFSC       STATUS, 2, 0
;__Lib_Math.c,339 :: 		
0x0220	0x0C00      	RETLW       0
;__Lib_Math.c,340 :: 		
0x0222	0x1804      	XORWF       R4, 0, 0
;__Lib_Math.c,341 :: 		
0x0224	0x6E0A      	MOVWF       R10, 0
;__Lib_Math.c,342 :: 		
0x0226	0xBE0A      	BTFSC       R10, 7, 0
;__Lib_Math.c,343 :: 		
0x0228	0x1E0D      	COMF        R13, 1, 0
;__Lib_Math.c,344 :: 		
0x022A	0x6A0B      	CLRF        R11, 0
;__Lib_Math.c,345 :: 		
0x022C	0xAE04      	BTFSS       R4, 7, 0
;__Lib_Math.c,346 :: 		
0x022E	0xD002      	BRA         $+6
;__Lib_Math.c,347 :: 		
0x0230	0x1E04      	COMF        R4, 1, 0
;__Lib_Math.c,348 :: 		
0x0232	0x2A04      	INCF        R4, 1, 0
;__Lib_Math.c,349 :: 		
0x0234	0xAE00      	BTFSS       R0, 7, 0
;__Lib_Math.c,350 :: 		
0x0236	0xD002      	BRA         $+6
;__Lib_Math.c,351 :: 		
0x0238	0x1E00      	COMF        R0, 1, 0
;__Lib_Math.c,352 :: 		
0x023A	0x2A00      	INCF        R0, 1, 0
;__Lib_Math.c,353 :: 		
0x023C	0x5000      	MOVF        R0, 0, 0
;__Lib_Math.c,354 :: 		
0x023E	0x1004      	IORWF       R4, 0, 0
;__Lib_Math.c,355 :: 		
0x0240	0x6E0A      	MOVWF       R10, 0
;__Lib_Math.c,356 :: 		
0x0242	0xBE0A      	BTFSC       R10, 7, 0
;__Lib_Math.c,357 :: 		
0x0244	0xD01F      	BRA         $+64
;__Lib_Math.c,358 :: 		
0x0246	0x5004      	MOVF        R4, 0, 0
;__Lib_Math.c,359 :: 		
0x0248	0x5E08      	SUBWF       R8, 1, 0
;__Lib_Math.c,360 :: 		
0x024A	0x3600      	RLCF        R0, 1, 0
;__Lib_Math.c,361 :: 		
0x024C	0x3400      	RLCF        R0, 0, 0
;__Lib_Math.c,362 :: 		
0x024E	0x3608      	RLCF        R8, 1, 0
;__Lib_Math.c,363 :: 		
0x0250	0x5004      	MOVF        R4, 0, 0
;__Lib_Math.c,364 :: 		
0x0252	0x2608      	ADDWF       R8, 1, 0
;__Lib_Math.c,365 :: 		
0x0254	0x3600      	RLCF        R0, 1, 0
;__Lib_Math.c,366 :: 		
0x0256	0x0E06      	MOVLW       6
;__Lib_Math.c,367 :: 		
0x0258	0x6E0C      	MOVWF       R12, 0
;__Lib_Math.c,368 :: 		
0x025A	0x3400      	RLCF        R0, 0, 0
;__Lib_Math.c,369 :: 		
0x025C	0x3608      	RLCF        R8, 1, 0
;__Lib_Math.c,370 :: 		
0x025E	0x5004      	MOVF        R4, 0, 0
;__Lib_Math.c,371 :: 		
0x0260	0xB000      	BTFSC       R0, 0, 0
;__Lib_Math.c,372 :: 		
0x0262	0x5E08      	SUBWF       R8, 1, 0
;__Lib_Math.c,373 :: 		
0x0264	0xA000      	BTFSS       R0, 0, 0
;__Lib_Math.c,374 :: 		
0x0266	0x2608      	ADDWF       R8, 1, 0
;__Lib_Math.c,375 :: 		
0x0268	0x3600      	RLCF        R0, 1, 0
;__Lib_Math.c,376 :: 		
0x026A	0x2E0C      	DECFSZ      R12, 1, 0
;__Lib_Math.c,377 :: 		
0x026C	0xD7F6      	BRA         $-18
;__Lib_Math.c,378 :: 		
0x026E	0xA000      	BTFSS       R0, 0, 0
;__Lib_Math.c,379 :: 		
0x0270	0x2608      	ADDWF       R8, 1, 0
;__Lib_Math.c,380 :: 		
0x0272	0xB00B      	BTFSC       R11, 0, 0
;__Lib_Math.c,381 :: 		
0x0274	0xD015      	BRA         $+44
;__Lib_Math.c,382 :: 		
0x0276	0xAE0D      	BTFSS       R13, 7, 0
;__Lib_Math.c,383 :: 		
0x0278	0x0C00      	RETLW       0
;__Lib_Math.c,384 :: 		
0x027A	0x1E00      	COMF        R0, 1, 0
;__Lib_Math.c,385 :: 		
0x027C	0x2A00      	INCF        R0, 1, 0
;__Lib_Math.c,386 :: 		
0x027E	0x1E08      	COMF        R8, 1, 0
;__Lib_Math.c,387 :: 		
0x0280	0x2A08      	INCF        R8, 1, 0
;__Lib_Math.c,388 :: 		
0x0282	0x0C00      	RETLW       0
;__Lib_Math.c,389 :: 		
0x0284	0xAE04      	BTFSS       R4, 7, 0
;__Lib_Math.c,390 :: 		
0x0286	0xD009      	BRA         $+20
;__Lib_Math.c,391 :: 		
0x0288	0xBE00      	BTFSC       R0, 7, 0
;__Lib_Math.c,392 :: 		
0x028A	0xD004      	BRA         $+10
;__Lib_Math.c,393 :: 		
0x028C	0x5000      	MOVF        R0, 0, 0
;__Lib_Math.c,394 :: 		
0x028E	0x6E08      	MOVWF       R8, 0
;__Lib_Math.c,395 :: 		
0x0290	0x6A00      	CLRF        R0, 0
;__Lib_Math.c,396 :: 		
0x0292	0xD7F1      	BRA         $-28
;__Lib_Math.c,397 :: 		
0x0294	0x6A00      	CLRF        R0, 0
;__Lib_Math.c,398 :: 		
0x0296	0x2A00      	INCF        R0, 1, 0
;__Lib_Math.c,399 :: 		
0x0298	0x0C00      	RETLW       0
;__Lib_Math.c,400 :: 		
0x029A	0x1E00      	COMF        R0, 1, 0
;__Lib_Math.c,401 :: 		
0x029C	0x2A0B      	INCF        R11, 1, 0
;__Lib_Math.c,402 :: 		
0x029E	0xD7D3      	BRA         $-88
;__Lib_Math.c,403 :: 		
0x02A0	0x2A08      	INCF        R8, 1, 0
;__Lib_Math.c,404 :: 		
0x02A2	0x5004      	MOVF        R4, 0, 0
;__Lib_Math.c,405 :: 		
0x02A4	0x5C08      	SUBWF       R8, 0, 0
;__Lib_Math.c,406 :: 		
0x02A6	0xA4D8      	BTFSS       STATUS, 2, 0
;__Lib_Math.c,407 :: 		
0x02A8	0xD7E6      	BRA         $-50
;__Lib_Math.c,408 :: 		
0x02AA	0x6A08      	CLRF        R8, 0
;__Lib_Math.c,409 :: 		
0x02AC	0x2A00      	INCF        R0, 1, 0
;__Lib_Math.c,410 :: 		
0x02AE	0xAE00      	BTFSS       R0, 7, 0
;__Lib_Math.c,411 :: 		
0x02B0	0xD7E2      	BRA         $-58
;__Lib_Math.c,412 :: 		
0x02B2	0x0CFF      	RETLW       255
;__Lib_Math.c,414 :: 		
L_end_Div_8X8_S:
0x02B4	0x0012      	RETURN      0
; end of _Div_8X8_S
_Compare_Double:
;__Lib_MathDouble.c,2518 :: 		
;__Lib_MathDouble.c,2529 :: 		
0x02B6	0x6A0A      	CLRF        R10, 0
;__Lib_MathDouble.c,2530 :: 		
0x02B8	0x5003      	MOVF        R3, 0, 0
;__Lib_MathDouble.c,2531 :: 		
0x02BA	0xA4D8      	BTFSS       STATUS, 2, 0
;__Lib_MathDouble.c,2532 :: 		
0x02BC	0x800A      	BSF         R10, 0, 0
;__Lib_MathDouble.c,2533 :: 		
0x02BE	0x5007      	MOVF        R7, 0, 0
;__Lib_MathDouble.c,2534 :: 		
0x02C0	0xA4D8      	BTFSS       STATUS, 2, 0
;__Lib_MathDouble.c,2535 :: 		
0x02C2	0x820A      	BSF         R10, 1, 0
;__Lib_MathDouble.c,2537 :: 		
0x02C4	0x500A      	MOVF        R10, 0, 0
;__Lib_MathDouble.c,2538 :: 		
0x02C6	0xB4D8      	BTFSC       STATUS, 2, 0
;__Lib_MathDouble.c,2539 :: 		
0x02C8	0xF001EFBE  	GOTO        COMPARE_EQU
;__Lib_MathDouble.c,2540 :: 		
0x02CC	0x0A03      	XORLW       3
;__Lib_MathDouble.c,2541 :: 		
0x02CE	0xB4D8      	BTFSC       STATUS, 2, 0
;__Lib_MathDouble.c,2542 :: 		
0x02D0	0xF001EF77  	GOTO        COMPARE_NOTZERO
;__Lib_MathDouble.c,2544 :: 		
0x02D4	0xB00A      	BTFSC       R10, 0, 0
;__Lib_MathDouble.c,2545 :: 		
0x02D6	0xF001EF72  	GOTO        COMPARE_XNOTZERO
;__Lib_MathDouble.c,2547 :: 		
0x02DA	0xAE06      	BTFSS       R6, 7, 0
;__Lib_MathDouble.c,2548 :: 		
0x02DC	0xF001EFBC  	GOTO        COMPARE_LT
;__Lib_MathDouble.c,2549 :: 		
0x02E0	0xF001EFBA  	GOTO        COMPARE_GT
;__Lib_MathDouble.c,2550 :: 		
COMPARE_XNOTZERO:
;__Lib_MathDouble.c,2551 :: 		
0x02E4	0xAE02      	BTFSS       R2, 7, 0
;__Lib_MathDouble.c,2552 :: 		
0x02E6	0xF001EFBA  	GOTO        COMPARE_GT
;__Lib_MathDouble.c,2553 :: 		
0x02EA	0xF001EFBC  	GOTO        COMPARE_LT
;__Lib_MathDouble.c,2555 :: 		
COMPARE_NOTZERO:
;__Lib_MathDouble.c,2556 :: 		
0x02EE	0x5002      	MOVF        R2, 0, 0
;__Lib_MathDouble.c,2557 :: 		
0x02F0	0x0B80      	ANDLW       128
;__Lib_MathDouble.c,2558 :: 		
0x02F2	0x6E0A      	MOVWF       R10, 0
;__Lib_MathDouble.c,2559 :: 		
0x02F4	0x9E02      	BCF         R2, 7, 0
;__Lib_MathDouble.c,2561 :: 		
0x02F6	0x5006      	MOVF        R6, 0, 0
;__Lib_MathDouble.c,2562 :: 		
0x02F8	0x0B80      	ANDLW       128
;__Lib_MathDouble.c,2563 :: 		
0x02FA	0x9E06      	BCF         R6, 7, 0
;__Lib_MathDouble.c,2565 :: 		
0x02FC	0x180A      	XORWF       R10, 0, 0
;__Lib_MathDouble.c,2566 :: 		
0x02FE	0xB4D8      	BTFSC       STATUS, 2, 0
;__Lib_MathDouble.c,2567 :: 		
0x0300	0xF001EF88  	GOTO        COMPARE_TESTALL
;__Lib_MathDouble.c,2569 :: 		
0x0304	0x500A      	MOVF        R10, 0, 0
;__Lib_MathDouble.c,2570 :: 		
0x0306	0xB4D8      	BTFSC       STATUS, 2, 0
;__Lib_MathDouble.c,2571 :: 		
0x0308	0xF001EFBA  	GOTO        COMPARE_GT
;__Lib_MathDouble.c,2572 :: 		
0x030C	0xF001EFBC  	GOTO        COMPARE_LT
;__Lib_MathDouble.c,2574 :: 		
COMPARE_TESTALL:
;__Lib_MathDouble.c,2575 :: 		
0x0310	0x5007      	MOVF        R7, 0, 0
;__Lib_MathDouble.c,2576 :: 		
0x0312	0x5C03      	SUBWF       R3, 0, 0
;__Lib_MathDouble.c,2577 :: 		
0x0314	0xB4D8      	BTFSC       STATUS, 2, 0
;__Lib_MathDouble.c,2578 :: 		
0x0316	0xF001EF92  	GOTO        COMPARE_C1
;__Lib_MathDouble.c,2579 :: 		
0x031A	0xA0D8      	BTFSS       STATUS, 0, 0
;__Lib_MathDouble.c,2580 :: 		
0x031C	0xF001EFAE  	GOTO        GT_FALSE
;__Lib_MathDouble.c,2581 :: 		
0x0320	0xF001EFB4  	GOTO        GT_TRUE
;__Lib_MathDouble.c,2582 :: 		
COMPARE_C1:
;__Lib_MathDouble.c,2583 :: 		
0x0324	0x5006      	MOVF        R6, 0, 0
;__Lib_MathDouble.c,2584 :: 		
0x0326	0x5C02      	SUBWF       R2, 0, 0
;__Lib_MathDouble.c,2585 :: 		
0x0328	0xB4D8      	BTFSC       STATUS, 2, 0
;__Lib_MathDouble.c,2586 :: 		
0x032A	0xF001EF9C  	GOTO        COMPARE_C2
;__Lib_MathDouble.c,2587 :: 		
0x032E	0xA0D8      	BTFSS       STATUS, 0, 0
;__Lib_MathDouble.c,2588 :: 		
0x0330	0xF001EFAE  	GOTO        GT_FALSE
;__Lib_MathDouble.c,2589 :: 		
0x0334	0xF001EFB4  	GOTO        GT_TRUE
;__Lib_MathDouble.c,2590 :: 		
COMPARE_C2:
;__Lib_MathDouble.c,2591 :: 		
0x0338	0x5005      	MOVF        R5, 0, 0
;__Lib_MathDouble.c,2592 :: 		
0x033A	0x5C01      	SUBWF       R1, 0, 0
;__Lib_MathDouble.c,2593 :: 		
0x033C	0xB4D8      	BTFSC       STATUS, 2, 0
;__Lib_MathDouble.c,2594 :: 		
0x033E	0xF001EFA6  	GOTO        COMPARE_C3
;__Lib_MathDouble.c,2595 :: 		
0x0342	0xA0D8      	BTFSS       STATUS, 0, 0
;__Lib_MathDouble.c,2596 :: 		
0x0344	0xF001EFAE  	GOTO        GT_FALSE
;__Lib_MathDouble.c,2597 :: 		
0x0348	0xF001EFB4  	GOTO        GT_TRUE
;__Lib_MathDouble.c,2598 :: 		
COMPARE_C3:
;__Lib_MathDouble.c,2599 :: 		
0x034C	0x5004      	MOVF        R4, 0, 0
;__Lib_MathDouble.c,2600 :: 		
0x034E	0x5C00      	SUBWF       R0, 0, 0
;__Lib_MathDouble.c,2601 :: 		
0x0350	0xB4D8      	BTFSC       STATUS, 2, 0
;__Lib_MathDouble.c,2602 :: 		
0x0352	0xF001EFBE  	GOTO        COMPARE_EQU
;__Lib_MathDouble.c,2603 :: 		
0x0356	0xB0D8      	BTFSC       STATUS, 0, 0
;__Lib_MathDouble.c,2604 :: 		
0x0358	0xF001EFB4  	GOTO        GT_TRUE
;__Lib_MathDouble.c,2606 :: 		
GT_FALSE:
;__Lib_MathDouble.c,2607 :: 		
0x035C	0x520A      	MOVF        R10, 1, 0
;__Lib_MathDouble.c,2608 :: 		
0x035E	0xB4D8      	BTFSC       STATUS, 2, 0
;__Lib_MathDouble.c,2609 :: 		
0x0360	0xF001EFBC  	GOTO        COMPARE_LT
;__Lib_MathDouble.c,2610 :: 		
0x0364	0xF001EFBA  	GOTO        COMPARE_GT
;__Lib_MathDouble.c,2611 :: 		
GT_TRUE:
;__Lib_MathDouble.c,2612 :: 		
0x0368	0x520A      	MOVF        R10, 1, 0
;__Lib_MathDouble.c,2613 :: 		
0x036A	0xB4D8      	BTFSC       STATUS, 2, 0
;__Lib_MathDouble.c,2614 :: 		
0x036C	0xF001EFBA  	GOTO        COMPARE_GT
;__Lib_MathDouble.c,2615 :: 		
0x0370	0xF001EFBC  	GOTO        COMPARE_LT
;__Lib_MathDouble.c,2617 :: 		
COMPARE_GT:
;__Lib_MathDouble.c,2620 :: 		
0x0374	0x80D8      	BSF         STATUS, 0, 0
;__Lib_MathDouble.c,2621 :: 		
0x0376	0x0012      	RETURN      0
;__Lib_MathDouble.c,2622 :: 		
COMPARE_LT:
;__Lib_MathDouble.c,2625 :: 		
0x0378	0x90D8      	BCF         STATUS, 0, 0
;__Lib_MathDouble.c,2626 :: 		
0x037A	0x0012      	RETURN      0
;__Lib_MathDouble.c,2627 :: 		
COMPARE_EQU:
;__Lib_MathDouble.c,2630 :: 		
0x037C	0x80D8      	BSF         STATUS, 0, 0
;__Lib_MathDouble.c,2631 :: 		
0x037E	0x84D8      	BSF         STATUS, 2, 0
;__Lib_MathDouble.c,2632 :: 		
0x0380	0x0012      	RETURN      0
;__Lib_MathDouble.c,2634 :: 		
L_end_Compare_Double:
0x0382	0x0012      	RETURN      0
; end of _Compare_Double
_strcpy:
;__Lib_CString.c,126 :: 		
;__Lib_CString.c,129 :: 		
0x0384	0xF004C059  	MOVFF       FARG_strcpy_to, R4
0x0388	0xF005C05A  	MOVFF       FARG_strcpy_to+1, R5
;__Lib_CString.c,130 :: 		
L_strcpy34:
0x038C	0xF002C004  	MOVFF       R4, R2
0x0390	0xF003C005  	MOVFF       R5, R3
0x0394	0x4A04      	INFSNZ      R4, 1 
0x0396	0x2A05      	INCF        R5, 1 
0x0398	0xF000C05B  	MOVFF       FARG_strcpy_from, R0
0x039C	0xF001C05C  	MOVFF       FARG_strcpy_from+1, R1
0x03A0	0x4A5B      	INFSNZ      FARG_strcpy_from, 1 
0x03A2	0x2A5C      	INCF        FARG_strcpy_from+1, 1 
0x03A4	0xFFE9C000  	MOVFF       R0, FSR0L
0x03A8	0xFFEAC001  	MOVFF       R1, FSR0H
0x03AC	0xFFE1C002  	MOVFF       R2, FSR1L
0x03B0	0xFFE2C003  	MOVFF       R3, FSR1H
0x03B4	0xFFE6CFEE  	MOVFF       POSTINC0, POSTINC1
0x03B8	0xFFE9C002  	MOVFF       R2, FSR0L
0x03BC	0xFFEAC003  	MOVFF       R3, FSR0H
0x03C0	0x52EE      	MOVF        POSTINC0, 1 
0x03C2	0xE001      	BZ          L_strcpy35
;__Lib_CString.c,131 :: 		
0x03C4	0xD7E3      	BRA         L_strcpy34
L_strcpy35:
;__Lib_CString.c,132 :: 		
0x03C6	0xF000C059  	MOVFF       FARG_strcpy_to, R0
0x03CA	0xF001C05A  	MOVFF       FARG_strcpy_to+1, R1
;__Lib_CString.c,133 :: 		
L_end_strcpy:
0x03CE	0x0012      	RETURN      0
; end of _strcpy
_UART1_Read:
;__Lib_UART_c67.c,39 :: 		
;__Lib_UART_c67.c,42 :: 		
0x03D0	0xF001CFAE  	MOVFF       RCREG, R1
;__Lib_UART_c67.c,43 :: 		
0x03D4	0xA2AB      	BTFSS       RCSTA, 1 
0x03D6	0xD002      	BRA         L_UART1_Read2
;__Lib_UART_c67.c,44 :: 		
0x03D8	0x98AB      	BCF         RCSTA, 4 
;__Lib_UART_c67.c,45 :: 		
0x03DA	0x88AB      	BSF         RCSTA, 4 
;__Lib_UART_c67.c,46 :: 		
L_UART1_Read2:
;__Lib_UART_c67.c,47 :: 		
0x03DC	0xF000C001  	MOVFF       R1, R0
;__Lib_UART_c67.c,48 :: 		
L_end_UART1_Read:
0x03E0	0x0012      	RETURN      0
; end of _UART1_Read
_UART1_Data_Ready:
;__Lib_UART_c67.c,34 :: 		
;__Lib_UART_c67.c,35 :: 		
0x03E2	0x0E00      	MOVLW       0
0x03E4	0xBA9E      	BTFSC       PIR1, 5 
0x03E6	0x0E01      	MOVLW       1
0x03E8	0x6E00      	MOVWF       R0 
;__Lib_UART_c67.c,36 :: 		
L_end_UART1_Data_Ready:
0x03EA	0x0012      	RETURN      0
; end of _UART1_Data_Ready
_ADC_Init:
;__Lib_ADC_A_D.c,13 :: 		
;__Lib_ADC_A_D.c,14 :: 		
0x03EC	0x0E1E      	MOVLW       _ADC_Get_Sample
0x03EE	0x6E2C      	MOVWF       _ADC_Get_Sample_Ptr 
0x03F0	0x0E07      	MOVLW       hi_addr(_ADC_Get_Sample)
0x03F2	0x6E2D      	MOVWF       _ADC_Get_Sample_Ptr+1 
0x03F4	0x0E4B      	MOVLW       FARG_ADC_Get_Sample_channel
0x03F6	0x6E2E      	MOVWF       _ADC_Get_Sample_Ptr+2 
0x03F8	0x0E00      	MOVLW       hi_addr(FARG_ADC_Get_Sample_channel)
0x03FA	0x6E2F      	MOVWF       _ADC_Get_Sample_Ptr+3 
;__Lib_ADC_A_D.c,16 :: 		
0x03FC	0x6AC2      	CLRF        ADCON0 
;__Lib_ADC_A_D.c,17 :: 		
0x03FE	0x1C19      	COMF        _vref_mask, 0 
0x0400	0x6E00      	MOVWF       R0 
0x0402	0x5000      	MOVF        R0, 0 
0x0404	0x16C1      	ANDWF       ADCON1, 1 
;__Lib_ADC_A_D.c,18 :: 		
0x0406	0x0E07      	MOVLW       7
0x0408	0x12C0      	IORWF       ADCON2, 1 
;__Lib_ADC_A_D.c,19 :: 		
0x040A	0x8EC0      	BSF         ADCON2, 7 
;__Lib_ADC_A_D.c,20 :: 		
0x040C	0x80C2      	BSF         ADCON0, 0 
;__Lib_ADC_A_D.c,21 :: 		
L_end_ADC_Init:
0x040E	0x0012      	RETURN      0
; end of _ADC_Init
___CC2DW:
;__Lib_System.c,21 :: 		
;__Lib_System.c,23 :: 		
_CC2DL_Loop1:
;__Lib_System.c,24 :: 		
0x0410	0x0009      	TBLRD*+
;__Lib_System.c,25 :: 		
0x0412	0xFFE6CFF5  	MOVFF       TABLAT, POSTINC1
;__Lib_System.c,26 :: 		
0x0416	0x0600      	DECF        R0, 1, 0
;__Lib_System.c,27 :: 		
0x0418	0xE1FB      	BNZ         _CC2DL_Loop1
;__Lib_System.c,28 :: 		
0x041A	0x0601      	DECF        R1, 1, 0
;__Lib_System.c,29 :: 		
0x041C	0xE1F9      	BNZ         _CC2DL_Loop1
;__Lib_System.c,31 :: 		
L_end___CC2DW:
0x041E	0x0012      	RETURN      0
; end of ___CC2DW
_UART1_Read_Text:
;__Lib_UART_c67.c,78 :: 		
;__Lib_UART_c67.c,79 :: 		
0x0420	0x6A51      	CLRF        UART1_Read_Text_out_idx_L0 
0x0422	0x6A52      	CLRF        UART1_Read_Text_delim_idx_L0 
;__Lib_UART_c67.c,81 :: 		
L_UART1_Read_Text7:
0x0424	0x524F      	MOVF        FARG_UART1_Read_Text_Attempts, 1 
0x0426	0xE041      	BZ          L_UART1_Read_Text8
;__Lib_UART_c67.c,83 :: 		
0x0428	0x504F      	MOVF        FARG_UART1_Read_Text_Attempts, 0 
0x042A	0x0AFF      	XORLW       255
0x042C	0xA4D8      	BTFSS       STATUS, 2 
;__Lib_UART_c67.c,84 :: 		
0x042E	0x064F      	DECF        FARG_UART1_Read_Text_Attempts, 1 
L_UART1_Read_Text9:
;__Lib_UART_c67.c,86 :: 		
L_UART1_Read_Text10:
0x0430	0xDFD8      	RCALL       _UART1_Data_Ready
0x0432	0x5000      	MOVF        R0, 0 
0x0434	0x0A00      	XORLW       0
0x0436	0xE101      	BNZ         L_UART1_Read_Text11
;__Lib_UART_c67.c,87 :: 		
0x0438	0xD7FB      	BRA         L_UART1_Read_Text10
L_UART1_Read_Text11:
;__Lib_UART_c67.c,89 :: 		
0x043A	0xDFCA      	RCALL       _UART1_Read
0x043C	0xF050C000  	MOVFF       R0, UART1_Read_Text_r_data_L0
;__Lib_UART_c67.c,90 :: 		
0x0440	0x5051      	MOVF        UART1_Read_Text_out_idx_L0, 0 
0x0442	0x244B      	ADDWF       FARG_UART1_Read_Text_Output, 0 
0x0444	0x6EE1      	MOVWF       FSR1L 
0x0446	0x0E00      	MOVLW       0
0x0448	0x204C      	ADDWFC      FARG_UART1_Read_Text_Output+1, 0 
0x044A	0x6EE2      	MOVWF       FSR1L+1 
0x044C	0xFFE6C000  	MOVFF       R0, POSTINC1
0x0450	0x2A51      	INCF        UART1_Read_Text_out_idx_L0, 1 
;__Lib_UART_c67.c,91 :: 		
0x0452	0x5052      	MOVF        UART1_Read_Text_delim_idx_L0, 0 
0x0454	0x244D      	ADDWF       FARG_UART1_Read_Text_Delimiter, 0 
0x0456	0x6EE9      	MOVWF       FSR0L 
0x0458	0x0E00      	MOVLW       0
0x045A	0x204E      	ADDWFC      FARG_UART1_Read_Text_Delimiter+1, 0 
0x045C	0x6EEA      	MOVWF       FSR0L+1 
0x045E	0x50EE      	MOVF        POSTINC0, 0 
0x0460	0x1850      	XORWF       UART1_Read_Text_r_data_L0, 0 
0x0462	0xE102      	BNZ         L_UART1_Read_Text12
;__Lib_UART_c67.c,92 :: 		
0x0464	0x2A52      	INCF        UART1_Read_Text_delim_idx_L0, 1 
;__Lib_UART_c67.c,93 :: 		
0x0466	0xD009      	BRA         L_UART1_Read_Text13
L_UART1_Read_Text12:
;__Lib_UART_c67.c,95 :: 		
0x0468	0x6A52      	CLRF        UART1_Read_Text_delim_idx_L0 
;__Lib_UART_c67.c,96 :: 		
0x046A	0xFFE9C04D  	MOVFF       FARG_UART1_Read_Text_Delimiter, FSR0L
0x046E	0xFFEAC04E  	MOVFF       FARG_UART1_Read_Text_Delimiter+1, FSR0H
0x0472	0x50EE      	MOVF        POSTINC0, 0 
0x0474	0x1850      	XORWF       UART1_Read_Text_r_data_L0, 0 
0x0476	0xB4D8      	BTFSC       STATUS, 2 
;__Lib_UART_c67.c,97 :: 		
0x0478	0x2A52      	INCF        UART1_Read_Text_delim_idx_L0, 1 
;__Lib_UART_c67.c,98 :: 		
L_UART1_Read_Text14:
;__Lib_UART_c67.c,99 :: 		
L_UART1_Read_Text13:
;__Lib_UART_c67.c,101 :: 		
0x047A	0x5052      	MOVF        UART1_Read_Text_delim_idx_L0, 0 
0x047C	0x244D      	ADDWF       FARG_UART1_Read_Text_Delimiter, 0 
0x047E	0x6EE9      	MOVWF       FSR0L 
0x0480	0x0E00      	MOVLW       0
0x0482	0x204E      	ADDWFC      FARG_UART1_Read_Text_Delimiter+1, 0 
0x0484	0x6EEA      	MOVWF       FSR0L+1 
0x0486	0x50EE      	MOVF        POSTINC0, 0 
0x0488	0x0A00      	XORLW       0
0x048A	0xE10E      	BNZ         L_UART1_Read_Text15
;__Lib_UART_c67.c,102 :: 		
0x048C	0x5052      	MOVF        UART1_Read_Text_delim_idx_L0, 0 
0x048E	0x5C51      	SUBWF       UART1_Read_Text_out_idx_L0, 0 
0x0490	0x6E00      	MOVWF       R0 
0x0492	0x6A01      	CLRF        R1 
0x0494	0x0E00      	MOVLW       0
0x0496	0x5A01      	SUBWFB      R1, 1 
0x0498	0x5000      	MOVF        R0, 0 
0x049A	0x244B      	ADDWF       FARG_UART1_Read_Text_Output, 0 
0x049C	0x6EE1      	MOVWF       FSR1L 
0x049E	0x5001      	MOVF        R1, 0 
0x04A0	0x204C      	ADDWFC      FARG_UART1_Read_Text_Output+1, 0 
0x04A2	0x6EE2      	MOVWF       FSR1L+1 
0x04A4	0x6AE6      	CLRF        POSTINC1 
;__Lib_UART_c67.c,103 :: 		
0x04A6	0xD006      	BRA         L_end_UART1_Read_Text
;__Lib_UART_c67.c,104 :: 		
L_UART1_Read_Text15:
;__Lib_UART_c67.c,106 :: 		
0x04A8	0xD7BD      	BRA         L_UART1_Read_Text7
L_UART1_Read_Text8:
;__Lib_UART_c67.c,107 :: 		
0x04AA	0xFFE1C04B  	MOVFF       FARG_UART1_Read_Text_Output, FSR1L
0x04AE	0xFFE2C04C  	MOVFF       FARG_UART1_Read_Text_Output+1, FSR1H
0x04B2	0x6AE6      	CLRF        POSTINC1 
;__Lib_UART_c67.c,108 :: 		
L_end_UART1_Read_Text:
0x04B4	0x0012      	RETURN      0
; end of _UART1_Read_Text
_UART1_Init:
;__Lib_UART_c67.c,15 :: 		
;__Lib_UART_c67.c,18 :: 		
0x04B6	0x0E64      	MOVLW       _UART1_Write
0x04B8	0x6E47      	MOVWF       _UART_Wr_Ptr 
0x04BA	0x0E00      	MOVLW       hi_addr(_UART1_Write)
0x04BC	0x6E48      	MOVWF       _UART_Wr_Ptr+1 
0x04BE	0x0E59      	MOVLW       FARG_UART1_Write_data_
0x04C0	0x6E49      	MOVWF       _UART_Wr_Ptr+2 
0x04C2	0x0E00      	MOVLW       hi_addr(FARG_UART1_Write_data_)
0x04C4	0x6E4A      	MOVWF       _UART_Wr_Ptr+3 
;__Lib_UART_c67.c,19 :: 		
0x04C6	0x0ED0      	MOVLW       _UART1_Read
0x04C8	0x6E3B      	MOVWF       _UART_Rd_Ptr 
0x04CA	0x0E03      	MOVLW       hi_addr(_UART1_Read)
0x04CC	0x6E3C      	MOVWF       _UART_Rd_Ptr+1 
0x04CE	0x0E00      	MOVLW       0
0x04D0	0x6E3D      	MOVWF       _UART_Rd_Ptr+2 
0x04D2	0x0E00      	MOVLW       0
0x04D4	0x6E3E      	MOVWF       _UART_Rd_Ptr+3 
;__Lib_UART_c67.c,20 :: 		
0x04D6	0x0EE2      	MOVLW       _UART1_Data_Ready
0x04D8	0x6E3F      	MOVWF       _UART_Rdy_Ptr 
0x04DA	0x0E03      	MOVLW       hi_addr(_UART1_Data_Ready)
0x04DC	0x6E40      	MOVWF       _UART_Rdy_Ptr+1 
0x04DE	0x0E00      	MOVLW       0
0x04E0	0x6E41      	MOVWF       _UART_Rdy_Ptr+2 
0x04E2	0x0E00      	MOVLW       0
0x04E4	0x6E42      	MOVWF       _UART_Rdy_Ptr+3 
;__Lib_UART_c67.c,21 :: 		
0x04E6	0x0EFF      	MOVLW       _UART1_Tx_Idle
0x04E8	0x6E43      	MOVWF       _UART_Tx_Idle_Ptr 
0x04EA	0x0EFF      	MOVLW       hi_addr(_UART1_Tx_Idle)
0x04EC	0x6E44      	MOVWF       _UART_Tx_Idle_Ptr+1 
0x04EE	0x0E00      	MOVLW       0
0x04F0	0x6E45      	MOVWF       _UART_Tx_Idle_Ptr+2 
0x04F2	0x0E00      	MOVLW       0
0x04F4	0x6E46      	MOVWF       _UART_Tx_Idle_Ptr+3 
;__Lib_UART_c67.c,23 :: 		
0x04F6	0x8AAC      	BSF         TXSTA, 5 
;__Lib_UART_c67.c,24 :: 		
0x04F8	0x0E90      	MOVLW       144
0x04FA	0x6EAB      	MOVWF       RCSTA 
;__Lib_UART_c67.c,25 :: 		
0x04FC	0x8E94      	BSF         TRISC7_bit, BitPos(TRISC7_bit+0) 
;__Lib_UART_c67.c,26 :: 		
0x04FE	0x9C94      	BCF         TRISC6_bit, BitPos(TRISC6_bit+0) 
;__Lib_UART_c67.c,28 :: 		
L_UART1_Init0:
0x0500	0xAA9E      	BTFSS       PIR1, 5 
0x0502	0xD003      	BRA         L_UART1_Init1
;__Lib_UART_c67.c,29 :: 		
0x0504	0xF000CFAE  	MOVFF       RCREG, R0
0x0508	0xD7FB      	BRA         L_UART1_Init0
L_UART1_Init1:
;__Lib_UART_c67.c,30 :: 		
L_end_UART1_Init:
0x050A	0x0012      	RETURN      0
; end of _UART1_Init
_UART1_Write_Text:
;__Lib_UART_c67.c,66 :: 		
;__Lib_UART_c67.c,67 :: 		
0x050C	0x6A4E      	CLRF        UART1_Write_Text_counter_L0 
;__Lib_UART_c67.c,69 :: 		
0x050E	0xFFE9C04B  	MOVFF       FARG_UART1_Write_Text_uart_text, FSR0L
0x0512	0xFFEAC04C  	MOVFF       FARG_UART1_Write_Text_uart_text+1, FSR0H
0x0516	0xF04DCFEE  	MOVFF       POSTINC0, UART1_Write_Text_data__L0
;__Lib_UART_c67.c,70 :: 		
L_UART1_Write_Text5:
0x051A	0x504D      	MOVF        UART1_Write_Text_data__L0, 0 
0x051C	0x0A00      	XORLW       0
0x051E	0xE00D      	BZ          L_UART1_Write_Text6
;__Lib_UART_c67.c,71 :: 		
0x0520	0xF059C04D  	MOVFF       UART1_Write_Text_data__L0, FARG_UART1_Write_data_
0x0524	0xDD9F      	RCALL       _UART1_Write
;__Lib_UART_c67.c,72 :: 		
0x0526	0x2A4E      	INCF        UART1_Write_Text_counter_L0, 1 
;__Lib_UART_c67.c,73 :: 		
0x0528	0x504E      	MOVF        UART1_Write_Text_counter_L0, 0 
0x052A	0x244B      	ADDWF       FARG_UART1_Write_Text_uart_text, 0 
0x052C	0x6EE9      	MOVWF       FSR0L 
0x052E	0x0E00      	MOVLW       0
0x0530	0x204C      	ADDWFC      FARG_UART1_Write_Text_uart_text+1, 0 
0x0532	0x6EEA      	MOVWF       FSR0L+1 
0x0534	0xF04DCFEE  	MOVFF       POSTINC0, UART1_Write_Text_data__L0
;__Lib_UART_c67.c,74 :: 		
0x0538	0xD7F0      	BRA         L_UART1_Write_Text5
L_UART1_Write_Text6:
;__Lib_UART_c67.c,75 :: 		
L_end_UART1_Write_Text:
0x053A	0x0012      	RETURN      0
; end of _UART1_Write_Text
_Ltrim:
;__Lib_Conversions.c,421 :: 		
;__Lib_Conversions.c,425 :: 		
0x053C	0x6A4D      	CLRF        Ltrim_trimmed_L0 
0x053E	0x6A4E      	CLRF        Ltrim_trimmed_L0+1 
;__Lib_Conversions.c,426 :: 		
0x0540	0xF003C04B  	MOVFF       FARG_Ltrim_string, R3
0x0544	0xF004C04C  	MOVFF       FARG_Ltrim_string+1, R4
;__Lib_Conversions.c,427 :: 		
0x0548	0xF005C04B  	MOVFF       FARG_Ltrim_string, R5
0x054C	0xF006C04C  	MOVFF       FARG_Ltrim_string+1, R6
;__Lib_Conversions.c,428 :: 		
L_Ltrim84:
;__Lib_Conversions.c,429 :: 		
0x0550	0xFFE9C003  	MOVFF       R3, FSR0L
0x0554	0xFFEAC004  	MOVFF       R4, FSR0H
0x0558	0x50EE      	MOVF        POSTINC0, 0 
0x055A	0x0A20      	XORLW       32
0x055C	0xE104      	BNZ         L__Ltrim345
0x055E	0x504D      	MOVF        Ltrim_trimmed_L0, 0 
0x0560	0x104E      	IORWF       Ltrim_trimmed_L0+1, 0 
0x0562	0xE101      	BNZ         L__Ltrim345
0x0564	0xD010      	BRA         L_Ltrim89
L__Ltrim345:
;__Lib_Conversions.c,430 :: 		
0x0566	0x0E01      	MOVLW       1
0x0568	0x6E4D      	MOVWF       Ltrim_trimmed_L0 
0x056A	0x0E00      	MOVLW       0
0x056C	0x6E4E      	MOVWF       Ltrim_trimmed_L0+1 
;__Lib_Conversions.c,431 :: 		
0x056E	0xFFE9C003  	MOVFF       R3, FSR0L
0x0572	0xFFEAC004  	MOVFF       R4, FSR0H
0x0576	0xFFE1C005  	MOVFF       R5, FSR1L
0x057A	0xFFE2C006  	MOVFF       R6, FSR1H
0x057E	0xFFE6CFEE  	MOVFF       POSTINC0, POSTINC1
0x0582	0x4A05      	INFSNZ      R5, 1 
0x0584	0x2A06      	INCF        R6, 1 
;__Lib_Conversions.c,432 :: 		
L_Ltrim89:
;__Lib_Conversions.c,434 :: 		
0x0586	0xF001C003  	MOVFF       R3, R1
0x058A	0xF002C004  	MOVFF       R4, R2
0x058E	0x4A03      	INFSNZ      R3, 1 
0x0590	0x2A04      	INCF        R4, 1 
0x0592	0xFFE9C001  	MOVFF       R1, FSR0L
0x0596	0xFFEAC002  	MOVFF       R2, FSR0H
0x059A	0x50EE      	MOVF        POSTINC0, 0 
0x059C	0x0A00      	XORLW       0
0x059E	0xE1D8      	BNZ         L_Ltrim84
;__Lib_Conversions.c,435 :: 		
0x05A0	0xF000C04B  	MOVFF       FARG_Ltrim_string, R0
0x05A4	0xF001C04C  	MOVFF       FARG_Ltrim_string+1, R1
;__Lib_Conversions.c,436 :: 		
L_end_Ltrim:
0x05A8	0x0012      	RETURN      0
; end of _Ltrim
_Div_32x32_FP:
;__Lib_MathDouble.c,1325 :: 		
;__Lib_MathDouble.c,1339 :: 		
0x05AA	0x5004      	MOVF        R4, 0 
0x05AC	0x0A00      	XORLW       0
0x05AE	0xE112      	BNZ         L_Div_32x32_FP11
;__Lib_MathDouble.c,1340 :: 		
0x05B0	0x5005      	MOVF        R5, 0 
0x05B2	0x0A00      	XORLW       0
0x05B4	0xE10F      	BNZ         L_Div_32x32_FP12
;__Lib_MathDouble.c,1341 :: 		
0x05B6	0x5006      	MOVF        R6, 0 
0x05B8	0x0A00      	XORLW       0
0x05BA	0xE10C      	BNZ         L_Div_32x32_FP13
;__Lib_MathDouble.c,1342 :: 		
0x05BC	0x5007      	MOVF        R7, 0 
0x05BE	0x0A00      	XORLW       0
0x05C0	0xE109      	BNZ         L_Div_32x32_FP14
;__Lib_MathDouble.c,1343 :: 		
0x05C2	0x0EFF      	MOVLW       255
0x05C4	0x6E00      	MOVWF       R0 
;__Lib_MathDouble.c,1344 :: 		
0x05C6	0x0EFF      	MOVLW       255
0x05C8	0x6E01      	MOVWF       R1 
;__Lib_MathDouble.c,1345 :: 		
0x05CA	0x0E7F      	MOVLW       127
0x05CC	0x6E02      	MOVWF       R2 
;__Lib_MathDouble.c,1346 :: 		
0x05CE	0x0EFF      	MOVLW       255
0x05D0	0x6E03      	MOVWF       R3 
;__Lib_MathDouble.c,1347 :: 		
0x05D2	0xD0A4      	BRA         L_end_Div_32x32_FP
;__Lib_MathDouble.c,1348 :: 		
L_Div_32x32_FP14:
L_Div_32x32_FP13:
L_Div_32x32_FP12:
L_Div_32x32_FP11:
;__Lib_MathDouble.c,1353 :: 		
0x05D4	0x6A08      	CLRF        R8, 0
;__Lib_MathDouble.c,1354 :: 		
0x05D6	0x6A09      	CLRF        R9, 0
;__Lib_MathDouble.c,1356 :: 		
0x05D8	0x5007      	MOVF        R7, 0, 0
;__Lib_MathDouble.c,1357 :: 		
0x05DA	0xB4D8      	BTFSC       STATUS, 2, 0
;__Lib_MathDouble.c,1358 :: 		
0x05DC	0xF003EF80  	GOTO        JPDSETFDZ32
;__Lib_MathDouble.c,1360 :: 		
0x05E0	0x5003      	MOVF        R3, 0, 0
;__Lib_MathDouble.c,1361 :: 		
0x05E2	0xB4D8      	BTFSC       STATUS, 2, 0
;__Lib_MathDouble.c,1362 :: 		
0x05E4	0xF003EF84  	GOTO        JPDRES032
;__Lib_MathDouble.c,1364 :: 		
0x05E8	0x5002      	MOVF        R2, 0, 0
;__Lib_MathDouble.c,1365 :: 		
0x05EA	0x1806      	XORWF       R6, 0, 0
;__Lib_MathDouble.c,1366 :: 		
0x05EC	0x6E0A      	MOVWF       R10, 0
;__Lib_MathDouble.c,1367 :: 		
0x05EE	0x8E02      	BSF         R2, 7, 0
;__Lib_MathDouble.c,1368 :: 		
0x05F0	0x8E06      	BSF         R6, 7, 0
;__Lib_MathDouble.c,1370 :: 		
0x05F2	0x6A0E      	CLRF        R14, 0
;__Lib_MathDouble.c,1371 :: 		
0x05F4	0xF008C002  	MOVFF       R2, R8
;__Lib_MathDouble.c,1372 :: 		
0x05F8	0xF00CC001  	MOVFF       R1, R12
;__Lib_MathDouble.c,1373 :: 		
0x05FC	0xF00DC000  	MOVFF       R0, R13
;__Lib_MathDouble.c,1375 :: 		
0x0600	0x5004      	MOVF        R4, 0, 0
;__Lib_MathDouble.c,1376 :: 		
0x0602	0x5E0D      	SUBWF       R13, 1, 0
;__Lib_MathDouble.c,1377 :: 		
0x0604	0x5005      	MOVF        R5, 0, 0
;__Lib_MathDouble.c,1378 :: 		
0x0606	0xA0D8      	BTFSS       STATUS, 0, 0
;__Lib_MathDouble.c,1379 :: 		
0x0608	0x3C05      	INCFSZ      R5, 0, 0
;__Lib_MathDouble.c,1381 :: 		
0x060A	0x5E0C      	SUBWF       R12, 1, 0
;__Lib_MathDouble.c,1382 :: 		
0x060C	0x5006      	MOVF        R6, 0, 0
;__Lib_MathDouble.c,1383 :: 		
0x060E	0xA0D8      	BTFSS       STATUS, 0, 0
;__Lib_MathDouble.c,1384 :: 		
0x0610	0x3C06      	INCFSZ      R6, 0, 0
;__Lib_MathDouble.c,1386 :: 		
0x0612	0x5E08      	SUBWF       R8, 1, 0
;__Lib_MathDouble.c,1387 :: 		
0x0614	0x6A08      	CLRF        R8, 0
;__Lib_MathDouble.c,1388 :: 		
0x0616	0x6A0C      	CLRF        R12, 0
;__Lib_MathDouble.c,1389 :: 		
0x0618	0x6A0D      	CLRF        R13, 0
;__Lib_MathDouble.c,1390 :: 		
0x061A	0xA0D8      	BTFSS       STATUS, 0, 0
;__Lib_MathDouble.c,1391 :: 		
0x061C	0xF003EF17  	GOTO        DALIGN32OK
;__Lib_MathDouble.c,1393 :: 		
0x0620	0x90D8      	BCF         STATUS, 0, 0
;__Lib_MathDouble.c,1394 :: 		
0x0622	0x3202      	RRCF        R2, 1, 0
;__Lib_MathDouble.c,1395 :: 		
0x0624	0x3201      	RRCF        R1, 1, 0
;__Lib_MathDouble.c,1396 :: 		
0x0626	0x3200      	RRCF        R0, 1, 0
;__Lib_MathDouble.c,1397 :: 		
0x0628	0x3208      	RRCF        R8, 1, 0
;__Lib_MathDouble.c,1398 :: 		
0x062A	0x0E01      	MOVLW       1
;__Lib_MathDouble.c,1399 :: 		
0x062C	0x6E0E      	MOVWF       R14, 0
;__Lib_MathDouble.c,1400 :: 		
DALIGN32OK:
;__Lib_MathDouble.c,1401 :: 		
0x062E	0x5007      	MOVF        R7, 0, 0
;__Lib_MathDouble.c,1402 :: 		
0x0630	0x5E03      	SUBWF       R3, 1, 0
;__Lib_MathDouble.c,1403 :: 		
0x0632	0xA0D8      	BTFSS       STATUS, 0, 0
;__Lib_MathDouble.c,1404 :: 		
0x0634	0xF003EF24  	GOTO        ALTB32
;__Lib_MathDouble.c,1406 :: 		
0x0638	0x0E7E      	MOVLW       126
;__Lib_MathDouble.c,1407 :: 		
0x063A	0x240E      	ADDWF       R14, 0, 0
;__Lib_MathDouble.c,1408 :: 		
0x063C	0x2603      	ADDWF       R3, 1, 0
;__Lib_MathDouble.c,1409 :: 		
0x063E	0xB0D8      	BTFSC       STATUS, 0, 0
;__Lib_MathDouble.c,1410 :: 		
0x0640	0xF003EF88  	GOTO        JPDSETFOV32
;__Lib_MathDouble.c,1411 :: 		
0x0644	0xF003EF2A  	GOTO        DARGOK32
;__Lib_MathDouble.c,1412 :: 		
ALTB32:
;__Lib_MathDouble.c,1413 :: 		
0x0648	0x0E7E      	MOVLW       126
;__Lib_MathDouble.c,1414 :: 		
0x064A	0x240E      	ADDWF       R14, 0, 0
;__Lib_MathDouble.c,1415 :: 		
0x064C	0x2603      	ADDWF       R3, 1, 0
;__Lib_MathDouble.c,1416 :: 		
0x064E	0xA0D8      	BTFSS       STATUS, 0, 0
;__Lib_MathDouble.c,1417 :: 		
0x0650	0xF003EF8C  	GOTO        JPDSETFUN32
;__Lib_MathDouble.c,1418 :: 		
DARGOK32:
;__Lib_MathDouble.c,1419 :: 		
0x0654	0x0E18      	MOVLW       24
;__Lib_MathDouble.c,1420 :: 		
0x0656	0x6E0B      	MOVWF       R11, 0
;__Lib_MathDouble.c,1421 :: 		
DLOOP32:
;__Lib_MathDouble.c,1422 :: 		
0x0658	0x360D      	RLCF        R13, 1, 0
;__Lib_MathDouble.c,1423 :: 		
0x065A	0x360C      	RLCF        R12, 1, 0
;__Lib_MathDouble.c,1424 :: 		
0x065C	0x3608      	RLCF        R8, 1, 0
;__Lib_MathDouble.c,1425 :: 		
0x065E	0x3600      	RLCF        R0, 1, 0
;__Lib_MathDouble.c,1426 :: 		
0x0660	0x3601      	RLCF        R1, 1, 0
;__Lib_MathDouble.c,1427 :: 		
0x0662	0x3602      	RLCF        R2, 1, 0
;__Lib_MathDouble.c,1428 :: 		
0x0664	0x360E      	RLCF        R14, 1, 0
;__Lib_MathDouble.c,1430 :: 		
0x0666	0x5004      	MOVF        R4, 0, 0
;__Lib_MathDouble.c,1431 :: 		
0x0668	0x5E00      	SUBWF       R0, 1, 0
;__Lib_MathDouble.c,1432 :: 		
0x066A	0x5005      	MOVF        R5, 0, 0
;__Lib_MathDouble.c,1433 :: 		
0x066C	0xA0D8      	BTFSS       STATUS, 0, 0
;__Lib_MathDouble.c,1434 :: 		
0x066E	0x3C05      	INCFSZ      R5, 0, 0
;__Lib_MathDouble.c,1436 :: 		
0x0670	0x5E01      	SUBWF       R1, 1, 0
;__Lib_MathDouble.c,1437 :: 		
0x0672	0x5006      	MOVF        R6, 0, 0
;__Lib_MathDouble.c,1438 :: 		
0x0674	0xA0D8      	BTFSS       STATUS, 0, 0
;__Lib_MathDouble.c,1439 :: 		
0x0676	0x3C06      	INCFSZ      R6, 0, 0
;__Lib_MathDouble.c,1441 :: 		
0x0678	0x5E02      	SUBWF       R2, 1, 0
;__Lib_MathDouble.c,1442 :: 		
0x067A	0x3406      	RLCF        R6, 0, 0
;__Lib_MathDouble.c,1443 :: 		
0x067C	0x120E      	IORWF       R14, 1, 0
;__Lib_MathDouble.c,1444 :: 		
0x067E	0xA00E      	BTFSS       R14, 0, 0
;__Lib_MathDouble.c,1445 :: 		
0x0680	0xF003EF45  	GOTO        DREST32
;__Lib_MathDouble.c,1446 :: 		
0x0684	0x800D      	BSF         R13, 0, 0
;__Lib_MathDouble.c,1447 :: 		
0x0686	0xF003EF50  	GOTO        DOK32
;__Lib_MathDouble.c,1448 :: 		
DREST32:
;__Lib_MathDouble.c,1449 :: 		
0x068A	0x5004      	MOVF        R4, 0, 0
;__Lib_MathDouble.c,1450 :: 		
0x068C	0x2600      	ADDWF       R0, 1, 0
;__Lib_MathDouble.c,1451 :: 		
0x068E	0x5005      	MOVF        R5, 0, 0
;__Lib_MathDouble.c,1452 :: 		
0x0690	0xB0D8      	BTFSC       STATUS, 0, 0
;__Lib_MathDouble.c,1453 :: 		
0x0692	0x3C05      	INCFSZ      R5, 0, 0
;__Lib_MathDouble.c,1455 :: 		
0x0694	0x2601      	ADDWF       R1, 1, 0
;__Lib_MathDouble.c,1456 :: 		
0x0696	0x5006      	MOVF        R6, 0, 0
;__Lib_MathDouble.c,1457 :: 		
0x0698	0xB0D8      	BTFSC       STATUS, 0, 0
;__Lib_MathDouble.c,1458 :: 		
0x069A	0x2806      	INCF        R6, 0, 0
;__Lib_MathDouble.c,1459 :: 		
0x069C	0x2602      	ADDWF       R2, 1, 0
;__Lib_MathDouble.c,1460 :: 		
0x069E	0x900D      	BCF         R13, 0, 0
;__Lib_MathDouble.c,1461 :: 		
DOK32:
;__Lib_MathDouble.c,1462 :: 		
0x06A0	0x2E0B      	DECFSZ      R11, 1, 0
;__Lib_MathDouble.c,1463 :: 		
0x06A2	0xF003EF2C  	GOTO        DLOOP32
;__Lib_MathDouble.c,1467 :: 		
0x06A6	0xF003EF76  	GOTO        DIV32OK
;__Lib_MathDouble.c,1468 :: 		
0x06AA	0x90D8      	BCF         STATUS, 0, 0
;__Lib_MathDouble.c,1469 :: 		
0x06AC	0x3600      	RLCF        R0, 1, 0
;__Lib_MathDouble.c,1470 :: 		
0x06AE	0x3601      	RLCF        R1, 1, 0
;__Lib_MathDouble.c,1471 :: 		
0x06B0	0x3602      	RLCF        R2, 1, 0
;__Lib_MathDouble.c,1472 :: 		
0x06B2	0x360E      	RLCF        R14, 1, 0
;__Lib_MathDouble.c,1474 :: 		
0x06B4	0x5004      	MOVF        R4, 0, 0
;__Lib_MathDouble.c,1475 :: 		
0x06B6	0x5E00      	SUBWF       R0, 1, 0
;__Lib_MathDouble.c,1476 :: 		
0x06B8	0x5005      	MOVF        R5, 0, 0
;__Lib_MathDouble.c,1477 :: 		
0x06BA	0xA0D8      	BTFSS       STATUS, 0, 0
;__Lib_MathDouble.c,1478 :: 		
0x06BC	0x3C05      	INCFSZ      R5, 0, 0
;__Lib_MathDouble.c,1479 :: 		
0x06BE	0x5E01      	SUBWF       R1, 1, 0
;__Lib_MathDouble.c,1480 :: 		
0x06C0	0x5006      	MOVF        R6, 0, 0
;__Lib_MathDouble.c,1481 :: 		
0x06C2	0xA0D8      	BTFSS       STATUS, 0, 0
;__Lib_MathDouble.c,1482 :: 		
0x06C4	0x3C06      	INCFSZ      R6, 0, 0
;__Lib_MathDouble.c,1483 :: 		
0x06C6	0x5E02      	SUBWF       R2, 1, 0
;__Lib_MathDouble.c,1484 :: 		
0x06C8	0x3406      	RLCF        R6, 0, 0
;__Lib_MathDouble.c,1485 :: 		
0x06CA	0x100E      	IORWF       R14, 0, 0
;__Lib_MathDouble.c,1486 :: 		
0x06CC	0x0B01      	ANDLW       1
;__Lib_MathDouble.c,1487 :: 		
0x06CE	0x260D      	ADDWF       R13, 1, 0
;__Lib_MathDouble.c,1488 :: 		
0x06D0	0xB0D8      	BTFSC       STATUS, 0, 0
;__Lib_MathDouble.c,1489 :: 		
0x06D2	0x2A0C      	INCF        R12, 1, 0
;__Lib_MathDouble.c,1490 :: 		
0x06D4	0xB4D8      	BTFSC       STATUS, 2, 0
;__Lib_MathDouble.c,1491 :: 		
0x06D6	0x2A08      	INCF        R8, 1, 0
;__Lib_MathDouble.c,1492 :: 		
0x06D8	0xA4D8      	BTFSS       STATUS, 2, 0
;__Lib_MathDouble.c,1493 :: 		
0x06DA	0xF003EF76  	GOTO        DIV32OK
;__Lib_MathDouble.c,1494 :: 		
0x06DE	0x3208      	RRCF        R8, 1, 0
;__Lib_MathDouble.c,1495 :: 		
0x06E0	0x320C      	RRCF        R12, 1, 0
;__Lib_MathDouble.c,1496 :: 		
0x06E2	0x320D      	RRCF        R13, 1, 0
;__Lib_MathDouble.c,1497 :: 		
0x06E4	0x2A03      	INCF        R3, 1, 0
;__Lib_MathDouble.c,1498 :: 		
0x06E6	0xB4D8      	BTFSC       STATUS, 2, 0
;__Lib_MathDouble.c,1499 :: 		
0x06E8	0xF003EF88  	GOTO        JPDSETFOV32
;__Lib_MathDouble.c,1500 :: 		
DIV32OK:
;__Lib_MathDouble.c,1501 :: 		
0x06EC	0xAE0A      	BTFSS       R10, 7, 0
;__Lib_MathDouble.c,1502 :: 		
0x06EE	0x9E08      	BCF         R8, 7, 0
;__Lib_MathDouble.c,1503 :: 		
0x06F0	0x5008      	MOVF        R8, 0, 0
;__Lib_MathDouble.c,1504 :: 		
0x06F2	0x6E02      	MOVWF       R2, 0
;__Lib_MathDouble.c,1505 :: 		
0x06F4	0x500C      	MOVF        R12, 0, 0
;__Lib_MathDouble.c,1506 :: 		
0x06F6	0x6E01      	MOVWF       R1, 0
;__Lib_MathDouble.c,1507 :: 		
0x06F8	0x500D      	MOVF        R13, 0, 0
;__Lib_MathDouble.c,1508 :: 		
0x06FA	0x6E00      	MOVWF       R0, 0
;__Lib_MathDouble.c,1511 :: 		
0x06FC	0xF003EF8E  	GOTO        DIV32EEE
;__Lib_MathDouble.c,1512 :: 		
JPDSETFDZ32:
;__Lib_MathDouble.c,1513 :: 		
0x0700	0x0E01      	MOVLW       1
;__Lib_MathDouble.c,1516 :: 		
0x0702	0xDD86      	RCALL       _SETFDZ32
;__Lib_MathDouble.c,1518 :: 		
0x0704	0xF003EF8E  	GOTO        DIV32EEE
;__Lib_MathDouble.c,1519 :: 		
JPDRES032:
;__Lib_MathDouble.c,1520 :: 		
0x0708	0x0E02      	MOVLW       2
;__Lib_MathDouble.c,1523 :: 		
0x070A	0xDC98      	RCALL       _RES032
;__Lib_MathDouble.c,1525 :: 		
0x070C	0xF003EF8E  	GOTO        DIV32EEE
;__Lib_MathDouble.c,1526 :: 		
JPDSETFOV32:
;__Lib_MathDouble.c,1527 :: 		
0x0710	0x0E04      	MOVLW       4
;__Lib_MathDouble.c,1530 :: 		
0x0712	0xDC88      	RCALL       _SETFOV32
;__Lib_MathDouble.c,1532 :: 		
0x0714	0xF003EF8E  	GOTO        DIV32EEE
;__Lib_MathDouble.c,1533 :: 		
JPDSETFUN32:
;__Lib_MathDouble.c,1534 :: 		
0x0718	0x0E08      	MOVLW       8
;__Lib_MathDouble.c,1537 :: 		
0x071A	0xDC97      	RCALL       _SETFUN32
;__Lib_MathDouble.c,1539 :: 		
DIV32EEE:
;__Lib_MathDouble.c,1547 :: 		
L_end_Div_32x32_FP:
0x071C	0x0012      	RETURN      0
; end of _Div_32x32_FP
_ADC_Get_Sample:
;__Lib_ADC_A_D.c,34 :: 		
;__Lib_ADC_A_D.c,37 :: 		
0x071E	0x0E83      	MOVLW       131
0x0720	0x16C2      	ANDWF       ADCON0, 1 
;__Lib_ADC_A_D.c,39 :: 		
0x0722	0xF000C04B  	MOVFF       FARG_ADC_Get_Sample_channel, R0
0x0726	0x3600      	RLCF        R0, 1 
0x0728	0x9000      	BCF         R0, 0 
0x072A	0x3600      	RLCF        R0, 1 
0x072C	0x9000      	BCF         R0, 0 
0x072E	0x5000      	MOVF        R0, 0 
0x0730	0x12C2      	IORWF       ADCON0, 1 
;__Lib_ADC_A_D.c,41 :: 		
0x0732	0xDD2F      	RCALL       _Delay_22us
;__Lib_ADC_A_D.c,42 :: 		
0x0734	0x82C2      	BSF         ADCON0, 1 
;__Lib_ADC_A_D.c,43 :: 		
L_ADC_Get_Sample0:
0x0736	0xA2C2      	BTFSS       ADCON0, 1 
0x0738	0xD001      	BRA         L_ADC_Get_Sample1
;__Lib_ADC_A_D.c,44 :: 		
0x073A	0xD7FD      	BRA         L_ADC_Get_Sample0
L_ADC_Get_Sample1:
;__Lib_ADC_A_D.c,45 :: 		
0x073C	0xF001CFC4  	MOVFF       ADRESH, R1
0x0740	0x6A00      	CLRF        R0 
;__Lib_ADC_A_D.c,46 :: 		
0x0742	0x50C3      	MOVF        ADRESL, 0 
0x0744	0x1200      	IORWF       R0, 1 
0x0746	0x0E00      	MOVLW       0
0x0748	0x1201      	IORWF       R1, 1 
;__Lib_ADC_A_D.c,48 :: 		
;__Lib_ADC_A_D.c,49 :: 		
L_end_ADC_Get_Sample:
0x074A	0x0012      	RETURN      0
; end of _ADC_Get_Sample
_word2double:
;__Lib_MathDouble.c,2335 :: 		
;__Lib_MathDouble.c,2344 :: 		
0x074C	0x5000      	MOVF        R0, 0, 0
;__Lib_MathDouble.c,2345 :: 		
0x074E	0x6E08      	MOVWF       R8, 0
;__Lib_MathDouble.c,2346 :: 		
0x0750	0x5001      	MOVF        R1, 0, 0
;__Lib_MathDouble.c,2347 :: 		
0x0752	0x6E00      	MOVWF       R0, 0
;__Lib_MathDouble.c,2348 :: 		
0x0754	0x6A01      	CLRF        R1, 0
;__Lib_MathDouble.c,2349 :: 		
0x0756	0x6A02      	CLRF        R2, 0
;__Lib_MathDouble.c,2350 :: 		
0x0758	0x6A03      	CLRF        R3, 0
;__Lib_MathDouble.c,2353 :: 		
0x075A	0x6A0B      	CLRF        R11, 0
;__Lib_MathDouble.c,2354 :: 		
0x075C	0x6A0C      	CLRF        R12, 0
;__Lib_MathDouble.c,2356 :: 		
0x075E	0x0E96      	MOVLW       150
;__Lib_MathDouble.c,2357 :: 		
0x0760	0x6E03      	MOVWF       R3, 0
;__Lib_MathDouble.c,2358 :: 		
0x0762	0x6A0A      	CLRF        R10, 0
;__Lib_MathDouble.c,2360 :: 		
0x0764	0xF001C000  	MOVFF       R0, R1
;__Lib_MathDouble.c,2361 :: 		
0x0768	0xF000C008  	MOVFF       R8, R0
;__Lib_MathDouble.c,2362 :: 		
0x076C	0x6A08      	CLRF        R8, 0
;__Lib_MathDouble.c,2363 :: 		
0x076E	0x6A02      	CLRF        R2, 0
;__Lib_MathDouble.c,2365 :: 		
0x0770	0xDD16      	RCALL       _NRM3232
;__Lib_MathDouble.c,2366 :: 		
L_end_word2double:
0x0772	0x0012      	RETURN      0
; end of _word2double
_FloatToStr:
;__Lib_Conversions.c,521 :: 		
;__Lib_Conversions.c,523 :: 		
0x0774	0x6A57      	CLRF        FloatToStr_bpoint_L0 
0x0776	0x6A58      	CLRF        FloatToStr_dexpon_L0 
;__Lib_Conversions.c,528 :: 		
0x0778	0xF053C04B  	MOVFF       FARG_FloatToStr_fnum, FloatToStr_un_L0
0x077C	0xF054C04C  	MOVFF       FARG_FloatToStr_fnum+1, FloatToStr_un_L0+1
0x0780	0xF055C04D  	MOVFF       FARG_FloatToStr_fnum+2, FloatToStr_un_L0+2
0x0784	0xF056C04E  	MOVFF       FARG_FloatToStr_fnum+3, FloatToStr_un_L0+3
;__Lib_Conversions.c,529 :: 		
0x0788	0x5056      	MOVF        FloatToStr_un_L0+3, 0 
0x078A	0x0AFF      	XORLW       255
0x078C	0xE108      	BNZ         L__FloatToStr417
0x078E	0x5055      	MOVF        FloatToStr_un_L0+2, 0 
0x0790	0x0AFF      	XORLW       255
0x0792	0xE105      	BNZ         L__FloatToStr417
0x0794	0x5054      	MOVF        FloatToStr_un_L0+1, 0 
0x0796	0x0AFF      	XORLW       255
0x0798	0xE102      	BNZ         L__FloatToStr417
0x079A	0x5053      	MOVF        FloatToStr_un_L0, 0 
0x079C	0x0AFF      	XORLW       255
L__FloatToStr417:
0x079E	0xE10C      	BNZ         L_FloatToStr90
;__Lib_Conversions.c,530 :: 		
0x07A0	0xF059C04F  	MOVFF       FARG_FloatToStr_str, FARG_strcpy_to
0x07A4	0xF05AC050  	MOVFF       FARG_FloatToStr_str+1, FARG_strcpy_to+1
0x07A8	0x0E1A      	MOVLW       ?lstr1___Lib_Conversions
0x07AA	0x6E5B      	MOVWF       FARG_strcpy_from 
0x07AC	0x0E00      	MOVLW       hi_addr(?lstr1___Lib_Conversions)
0x07AE	0x6E5C      	MOVWF       FARG_strcpy_from+1 
0x07B0	0xDDE9      	RCALL       _strcpy
;__Lib_Conversions.c,531 :: 		
0x07B2	0x0E03      	MOVLW       3
0x07B4	0x6E00      	MOVWF       R0 
0x07B6	0xD1ED      	BRA         L_end_FloatToStr
;__Lib_Conversions.c,532 :: 		
L_FloatToStr90:
;__Lib_Conversions.c,533 :: 		
0x07B8	0x0E01      	MOVLW       1
0x07BA	0x6E51      	MOVWF       FloatToStr_i_L0 
;__Lib_Conversions.c,534 :: 		
0x07BC	0xAE55      	BTFSS       FloatToStr_un_L0+2, 7 
0x07BE	0xD00E      	BRA         L_FloatToStr91
;__Lib_Conversions.c,535 :: 		
0x07C0	0x0E80      	MOVLW       128
0x07C2	0x1855      	XORWF       FloatToStr_un_L0+2, 0 
0x07C4	0x6E00      	MOVWF       R0 
0x07C6	0xF055C000  	MOVFF       R0, FloatToStr_un_L0+2
;__Lib_Conversions.c,536 :: 		
0x07CA	0x2A51      	INCF        FloatToStr_i_L0, 1 
;__Lib_Conversions.c,537 :: 		
0x07CC	0xFFE1C04F  	MOVFF       FARG_FloatToStr_str, FSR1L
0x07D0	0xFFE2C050  	MOVFF       FARG_FloatToStr_str+1, FSR1H
0x07D4	0x0E2D      	MOVLW       45
0x07D6	0x6EE6      	MOVWF       POSTINC1 
0x07D8	0x4A4F      	INFSNZ      FARG_FloatToStr_str, 1 
0x07DA	0x2A50      	INCF        FARG_FloatToStr_str+1, 1 
;__Lib_Conversions.c,538 :: 		
L_FloatToStr91:
;__Lib_Conversions.c,539 :: 		
0x07DC	0x0E00      	MOVLW       0
0x07DE	0x6E00      	MOVWF       R0 
0x07E0	0x1856      	XORWF       FloatToStr_un_L0+3, 0 
0x07E2	0xE108      	BNZ         L__FloatToStr418
0x07E4	0x5000      	MOVF        R0, 0 
0x07E6	0x1855      	XORWF       FloatToStr_un_L0+2, 0 
0x07E8	0xE105      	BNZ         L__FloatToStr418
0x07EA	0x5000      	MOVF        R0, 0 
0x07EC	0x1854      	XORWF       FloatToStr_un_L0+1, 0 
0x07EE	0xE102      	BNZ         L__FloatToStr418
0x07F0	0x5053      	MOVF        FloatToStr_un_L0, 0 
0x07F2	0x0A00      	XORLW       0
L__FloatToStr418:
0x07F4	0xE10B      	BNZ         L_FloatToStr92
;__Lib_Conversions.c,540 :: 		
0x07F6	0xF059C04F  	MOVFF       FARG_FloatToStr_str, FARG_strcpy_to
0x07FA	0xF05AC050  	MOVFF       FARG_FloatToStr_str+1, FARG_strcpy_to+1
0x07FE	0x0E1E      	MOVLW       ?lstr2___Lib_Conversions
0x0800	0x6E5B      	MOVWF       FARG_strcpy_from 
0x0802	0x0E00      	MOVLW       hi_addr(?lstr2___Lib_Conversions)
0x0804	0x6E5C      	MOVWF       FARG_strcpy_from+1 
0x0806	0xDDBE      	RCALL       _strcpy
;__Lib_Conversions.c,541 :: 		
0x0808	0x6A00      	CLRF        R0 
0x080A	0xD1C3      	BRA         L_end_FloatToStr
;__Lib_Conversions.c,542 :: 		
L_FloatToStr92:
;__Lib_Conversions.c,543 :: 		
0x080C	0x5056      	MOVF        FloatToStr_un_L0+3, 0 
0x080E	0x0AFF      	XORLW       255
0x0810	0xE108      	BNZ         L__FloatToStr419
0x0812	0x5055      	MOVF        FloatToStr_un_L0+2, 0 
0x0814	0x0A00      	XORLW       0
0x0816	0xE105      	BNZ         L__FloatToStr419
0x0818	0x5054      	MOVF        FloatToStr_un_L0+1, 0 
0x081A	0x0A00      	XORLW       0
0x081C	0xE102      	BNZ         L__FloatToStr419
0x081E	0x5053      	MOVF        FloatToStr_un_L0, 0 
0x0820	0x0A00      	XORLW       0
L__FloatToStr419:
0x0822	0xE10C      	BNZ         L_FloatToStr93
;__Lib_Conversions.c,544 :: 		
0x0824	0xF059C04F  	MOVFF       FARG_FloatToStr_str, FARG_strcpy_to
0x0828	0xF05AC050  	MOVFF       FARG_FloatToStr_str+1, FARG_strcpy_to+1
0x082C	0x0E20      	MOVLW       ?lstr3___Lib_Conversions
0x082E	0x6E5B      	MOVWF       FARG_strcpy_from 
0x0830	0x0E00      	MOVLW       hi_addr(?lstr3___Lib_Conversions)
0x0832	0x6E5C      	MOVWF       FARG_strcpy_from+1 
0x0834	0xDDA7      	RCALL       _strcpy
;__Lib_Conversions.c,545 :: 		
0x0836	0xF000C051  	MOVFF       FloatToStr_i_L0, R0
0x083A	0xD1AB      	BRA         L_end_FloatToStr
;__Lib_Conversions.c,546 :: 		
L_FloatToStr93:
;__Lib_Conversions.c,554 :: 		
L_FloatToStr94:
0x083C	0x0E00      	MOVLW       0
0x083E	0x6E04      	MOVWF       R4 
0x0840	0x0E00      	MOVLW       0
0x0842	0x6E05      	MOVWF       R5 
0x0844	0x0E00      	MOVLW       0
0x0846	0x6E06      	MOVWF       R6 
0x0848	0x0E7F      	MOVLW       127
0x084A	0x6E07      	MOVWF       R7 
0x084C	0xF000C053  	MOVFF       FloatToStr_un_L0, R0
0x0850	0xF001C054  	MOVFF       FloatToStr_un_L0+1, R1
0x0854	0xF002C055  	MOVFF       FloatToStr_un_L0+2, R2
0x0858	0xF003C056  	MOVFF       FloatToStr_un_L0+3, R3
0x085C	0xDD2C      	RCALL       _Compare_Double
0x085E	0x0E01      	MOVLW       1
0x0860	0xB0D8      	BTFSC       STATUS, 0 
0x0862	0x0E00      	MOVLW       0
0x0864	0x6E00      	MOVWF       R0 
0x0866	0x5200      	MOVF        R0, 1 
0x0868	0xE01C      	BZ          L_FloatToStr95
;__Lib_Conversions.c,555 :: 		
0x086A	0xF000C053  	MOVFF       FloatToStr_un_L0, R0
0x086E	0xF001C054  	MOVFF       FloatToStr_un_L0+1, R1
0x0872	0xF002C055  	MOVFF       FloatToStr_un_L0+2, R2
0x0876	0xF003C056  	MOVFF       FloatToStr_un_L0+3, R3
0x087A	0x0E00      	MOVLW       0
0x087C	0x6E04      	MOVWF       R4 
0x087E	0x0E00      	MOVLW       0
0x0880	0x6E05      	MOVWF       R5 
0x0882	0x0E20      	MOVLW       32
0x0884	0x6E06      	MOVWF       R6 
0x0886	0x0E82      	MOVLW       130
0x0888	0x6E07      	MOVWF       R7 
0x088A	0xF000EC39  	CALL        _Mul_32x32_FP, 0
0x088E	0xF053C000  	MOVFF       R0, FloatToStr_un_L0
0x0892	0xF054C001  	MOVFF       R1, FloatToStr_un_L0+1
0x0896	0xF055C002  	MOVFF       R2, FloatToStr_un_L0+2
0x089A	0xF056C003  	MOVFF       R3, FloatToStr_un_L0+3
;__Lib_Conversions.c,556 :: 		
0x089E	0x0658      	DECF        FloatToStr_dexpon_L0, 1 
;__Lib_Conversions.c,557 :: 		
0x08A0	0xD7CD      	BRA         L_FloatToStr94
L_FloatToStr95:
;__Lib_Conversions.c,562 :: 		
L_FloatToStr96:
0x08A2	0x0E00      	MOVLW       0
0x08A4	0x6E04      	MOVWF       R4 
0x08A6	0x0E00      	MOVLW       0
0x08A8	0x6E05      	MOVWF       R5 
0x08AA	0x0E20      	MOVLW       32
0x08AC	0x6E06      	MOVWF       R6 
0x08AE	0x0E82      	MOVLW       130
0x08B0	0x6E07      	MOVWF       R7 
0x08B2	0xF000C053  	MOVFF       FloatToStr_un_L0, R0
0x08B6	0xF001C054  	MOVFF       FloatToStr_un_L0+1, R1
0x08BA	0xF002C055  	MOVFF       FloatToStr_un_L0+2, R2
0x08BE	0xF003C056  	MOVFF       FloatToStr_un_L0+3, R3
0x08C2	0xDCF9      	RCALL       _Compare_Double
0x08C4	0x0E00      	MOVLW       0
0x08C6	0xB0D8      	BTFSC       STATUS, 0 
0x08C8	0x0E01      	MOVLW       1
0x08CA	0x6E00      	MOVWF       R0 
0x08CC	0x5200      	MOVF        R0, 1 
0x08CE	0xE01C      	BZ          L_FloatToStr97
;__Lib_Conversions.c,563 :: 		
0x08D0	0xF000C053  	MOVFF       FloatToStr_un_L0, R0
0x08D4	0xF001C054  	MOVFF       FloatToStr_un_L0+1, R1
0x08D8	0xF002C055  	MOVFF       FloatToStr_un_L0+2, R2
0x08DC	0xF003C056  	MOVFF       FloatToStr_un_L0+3, R3
0x08E0	0x0ECD      	MOVLW       205
0x08E2	0x6E04      	MOVWF       R4 
0x08E4	0x0ECC      	MOVLW       204
0x08E6	0x6E05      	MOVWF       R5 
0x08E8	0x0E4C      	MOVLW       76
0x08EA	0x6E06      	MOVWF       R6 
0x08EC	0x0E7B      	MOVLW       123
0x08EE	0x6E07      	MOVWF       R7 
0x08F0	0xF000EC39  	CALL        _Mul_32x32_FP, 0
0x08F4	0xF053C000  	MOVFF       R0, FloatToStr_un_L0
0x08F8	0xF054C001  	MOVFF       R1, FloatToStr_un_L0+1
0x08FC	0xF055C002  	MOVFF       R2, FloatToStr_un_L0+2
0x0900	0xF056C003  	MOVFF       R3, FloatToStr_un_L0+3
;__Lib_Conversions.c,564 :: 		
0x0904	0x2A58      	INCF        FloatToStr_dexpon_L0, 1 
;__Lib_Conversions.c,565 :: 		
0x0906	0xD7CD      	BRA         L_FloatToStr96
L_FloatToStr97:
;__Lib_Conversions.c,574 :: 		
0x0908	0x0EFF      	MOVLW       255
0x090A	0x1453      	ANDWF       FloatToStr_un_L0, 0 
0x090C	0x6E08      	MOVWF       R8 
0x090E	0x0EFF      	MOVLW       255
0x0910	0x1454      	ANDWF       FloatToStr_un_L0+1, 0 
0x0912	0x6E09      	MOVWF       R9 
0x0914	0x0E7F      	MOVLW       127
0x0916	0x1455      	ANDWF       FloatToStr_un_L0+2, 0 
0x0918	0x6E0A      	MOVWF       R10 
0x091A	0x0E00      	MOVLW       0
0x091C	0x1456      	ANDWF       FloatToStr_un_L0+3, 0 
0x091E	0x6E0B      	MOVWF       R11 
;__Lib_Conversions.c,575 :: 		
0x0920	0xF004C008  	MOVFF       R8, R4
0x0924	0xF005C009  	MOVFF       R9, R5
0x0928	0xF006C00A  	MOVFF       R10, R6
0x092C	0xF007C00B  	MOVFF       R11, R7
0x0930	0x3604      	RLCF        R4, 1 
0x0932	0x9004      	BCF         R4, 0 
0x0934	0x3605      	RLCF        R5, 1 
0x0936	0x3606      	RLCF        R6, 1 
0x0938	0x3607      	RLCF        R7, 1 
;__Lib_Conversions.c,576 :: 		
0x093A	0x0E00      	MOVLW       0
0x093C	0x1453      	ANDWF       FloatToStr_un_L0, 0 
0x093E	0x6E00      	MOVWF       R0 
0x0940	0x0E00      	MOVLW       0
0x0942	0x1454      	ANDWF       FloatToStr_un_L0+1, 0 
0x0944	0x6E01      	MOVWF       R1 
0x0946	0x0E00      	MOVLW       0
0x0948	0x1455      	ANDWF       FloatToStr_un_L0+2, 0 
0x094A	0x6E02      	MOVWF       R2 
0x094C	0x0EFF      	MOVLW       255
0x094E	0x1456      	ANDWF       FloatToStr_un_L0+3, 0 
0x0950	0x6E03      	MOVWF       R3 
0x0952	0xF053C000  	MOVFF       R0, FloatToStr_un_L0
0x0956	0xF054C001  	MOVFF       R1, FloatToStr_un_L0+1
0x095A	0xF055C002  	MOVFF       R2, FloatToStr_un_L0+2
0x095E	0xF056C003  	MOVFF       R3, FloatToStr_un_L0+3
;__Lib_Conversions.c,577 :: 		
0x0962	0x5004      	MOVF        R4, 0 
0x0964	0x1053      	IORWF       FloatToStr_un_L0, 0 
0x0966	0x6E00      	MOVWF       R0 
0x0968	0x5005      	MOVF        R5, 0 
0x096A	0x1054      	IORWF       FloatToStr_un_L0+1, 0 
0x096C	0x6E01      	MOVWF       R1 
0x096E	0x5006      	MOVF        R6, 0 
0x0970	0x1055      	IORWF       FloatToStr_un_L0+2, 0 
0x0972	0x6E02      	MOVWF       R2 
0x0974	0x5007      	MOVF        R7, 0 
0x0976	0x1056      	IORWF       FloatToStr_un_L0+3, 0 
0x0978	0x6E03      	MOVWF       R3 
0x097A	0xF053C000  	MOVFF       R0, FloatToStr_un_L0
0x097E	0xF054C001  	MOVFF       R1, FloatToStr_un_L0+1
0x0982	0xF055C002  	MOVFF       R2, FloatToStr_un_L0+2
0x0986	0xF056C003  	MOVFF       R3, FloatToStr_un_L0+3
;__Lib_Conversions.c,579 :: 		
0x098A	0x0E7F      	MOVLW       127
0x098C	0x5C56      	SUBWF       FloatToStr_un_L0+3, 0 
0x098E	0x6E00      	MOVWF       R0 
0x0990	0xF052C000  	MOVFF       R0, FloatToStr_d_L0
;__Lib_Conversions.c,582 :: 		
0x0994	0x0E01      	MOVLW       1
0x0996	0x6E56      	MOVWF       FloatToStr_un_L0+3 
;__Lib_Conversions.c,583 :: 		
0x0998	0xF004C000  	MOVFF       R0, R4
0x099C	0xF000C053  	MOVFF       FloatToStr_un_L0, R0
0x09A0	0xF001C054  	MOVFF       FloatToStr_un_L0+1, R1
0x09A4	0xF002C055  	MOVFF       FloatToStr_un_L0+2, R2
0x09A8	0xF003C056  	MOVFF       FloatToStr_un_L0+3, R3
0x09AC	0x5004      	MOVF        R4, 0 
L__FloatToStr420:
0x09AE	0xE007      	BZ          L__FloatToStr421
0x09B0	0x3600      	RLCF        R0, 1 
0x09B2	0x9000      	BCF         R0, 0 
0x09B4	0x3601      	RLCF        R1, 1 
0x09B6	0x3602      	RLCF        R2, 1 
0x09B8	0x3603      	RLCF        R3, 1 
0x09BA	0x0FFF      	ADDLW       255
0x09BC	0xD7F8      	BRA         L__FloatToStr420
L__FloatToStr421:
0x09BE	0xF053C000  	MOVFF       R0, FloatToStr_un_L0
0x09C2	0xF054C001  	MOVFF       R1, FloatToStr_un_L0+1
0x09C6	0xF055C002  	MOVFF       R2, FloatToStr_un_L0+2
0x09CA	0xF056C003  	MOVFF       R3, FloatToStr_un_L0+3
;__Lib_Conversions.c,584 :: 		
0x09CE	0xFFE1C04F  	MOVFF       FARG_FloatToStr_str, FSR1L
0x09D2	0xFFE2C050  	MOVFF       FARG_FloatToStr_str+1, FSR1H
0x09D6	0x5056      	MOVF        FloatToStr_un_L0+3, 0 
0x09D8	0x0F30      	ADDLW       48
0x09DA	0x6EE6      	MOVWF       POSTINC1 
0x09DC	0x4A4F      	INFSNZ      FARG_FloatToStr_str, 1 
0x09DE	0x2A50      	INCF        FARG_FloatToStr_str+1, 1 
;__Lib_Conversions.c,585 :: 		
0x09E0	0x0E80      	MOVLW       128
0x09E2	0x1858      	XORWF       FloatToStr_dexpon_L0, 0 
0x09E4	0x6E00      	MOVWF       R0 
0x09E6	0x0E80      	MOVLW       128
0x09E8	0x0A01      	XORLW       1
0x09EA	0x5C00      	SUBWF       R0, 0 
0x09EC	0xE308      	BNC         L__FloatToStr346
0x09EE	0x0E80      	MOVLW       128
0x09F0	0x0A06      	XORLW       6
0x09F2	0x6E00      	MOVWF       R0 
0x09F4	0x0E80      	MOVLW       128
0x09F6	0x1858      	XORWF       FloatToStr_dexpon_L0, 0 
0x09F8	0x5C00      	SUBWF       R0, 0 
0x09FA	0xE301      	BNC         L__FloatToStr346
0x09FC	0xD00A      	BRA         L_FloatToStr100
L__FloatToStr346:
;__Lib_Conversions.c,586 :: 		
0x09FE	0xFFE1C04F  	MOVFF       FARG_FloatToStr_str, FSR1L
0x0A02	0xFFE2C050  	MOVFF       FARG_FloatToStr_str+1, FSR1H
0x0A06	0x0E2E      	MOVLW       46
0x0A08	0x6EE6      	MOVWF       POSTINC1 
0x0A0A	0x4A4F      	INFSNZ      FARG_FloatToStr_str, 1 
0x0A0C	0x2A50      	INCF        FARG_FloatToStr_str+1, 1 
;__Lib_Conversions.c,587 :: 		
0x0A0E	0x0E01      	MOVLW       1
0x0A10	0x6E57      	MOVWF       FloatToStr_bpoint_L0 
;__Lib_Conversions.c,588 :: 		
L_FloatToStr100:
;__Lib_Conversions.c,589 :: 		
0x0A12	0x0E06      	MOVLW       6
0x0A14	0x6E52      	MOVWF       FloatToStr_d_L0 
L_FloatToStr101:
0x0A16	0x5052      	MOVF        FloatToStr_d_L0, 0 
0x0A18	0x0A00      	XORLW       0
0x0A1A	0xE054      	BZ          L_FloatToStr102
;__Lib_Conversions.c,590 :: 		
0x0A1C	0x6A56      	CLRF        FloatToStr_un_L0+3 
;__Lib_Conversions.c,591 :: 		
0x0A1E	0xF000C053  	MOVFF       FloatToStr_un_L0, R0
0x0A22	0xF001C054  	MOVFF       FloatToStr_un_L0+1, R1
0x0A26	0xF002C055  	MOVFF       FloatToStr_un_L0+2, R2
0x0A2A	0xF003C056  	MOVFF       FloatToStr_un_L0+3, R3
0x0A2E	0x3600      	RLCF        R0, 1 
0x0A30	0x9000      	BCF         R0, 0 
0x0A32	0x3601      	RLCF        R1, 1 
0x0A34	0x3602      	RLCF        R2, 1 
0x0A36	0x3603      	RLCF        R3, 1 
0x0A38	0x3600      	RLCF        R0, 1 
0x0A3A	0x9000      	BCF         R0, 0 
0x0A3C	0x3601      	RLCF        R1, 1 
0x0A3E	0x3602      	RLCF        R2, 1 
0x0A40	0x3603      	RLCF        R3, 1 
0x0A42	0x5053      	MOVF        FloatToStr_un_L0, 0 
0x0A44	0x2600      	ADDWF       R0, 1 
0x0A46	0x5054      	MOVF        FloatToStr_un_L0+1, 0 
0x0A48	0x2201      	ADDWFC      R1, 1 
0x0A4A	0x5055      	MOVF        FloatToStr_un_L0+2, 0 
0x0A4C	0x2202      	ADDWFC      R2, 1 
0x0A4E	0x5056      	MOVF        FloatToStr_un_L0+3, 0 
0x0A50	0x2203      	ADDWFC      R3, 1 
0x0A52	0xF053C000  	MOVFF       R0, FloatToStr_un_L0
0x0A56	0xF054C001  	MOVFF       R1, FloatToStr_un_L0+1
0x0A5A	0xF055C002  	MOVFF       R2, FloatToStr_un_L0+2
0x0A5E	0xF056C003  	MOVFF       R3, FloatToStr_un_L0+3
;__Lib_Conversions.c,592 :: 		
0x0A62	0xF000C053  	MOVFF       FloatToStr_un_L0, R0
0x0A66	0xF001C054  	MOVFF       FloatToStr_un_L0+1, R1
0x0A6A	0xF002C055  	MOVFF       FloatToStr_un_L0+2, R2
0x0A6E	0xF003C056  	MOVFF       FloatToStr_un_L0+3, R3
0x0A72	0x3600      	RLCF        R0, 1 
0x0A74	0x9000      	BCF         R0, 0 
0x0A76	0x3601      	RLCF        R1, 1 
0x0A78	0x3602      	RLCF        R2, 1 
0x0A7A	0x3603      	RLCF        R3, 1 
0x0A7C	0xF053C000  	MOVFF       R0, FloatToStr_un_L0
0x0A80	0xF054C001  	MOVFF       R1, FloatToStr_un_L0+1
0x0A84	0xF055C002  	MOVFF       R2, FloatToStr_un_L0+2
0x0A88	0xF056C003  	MOVFF       R3, FloatToStr_un_L0+3
;__Lib_Conversions.c,593 :: 		
0x0A8C	0xFFE1C04F  	MOVFF       FARG_FloatToStr_str, FSR1L
0x0A90	0xFFE2C050  	MOVFF       FARG_FloatToStr_str+1, FSR1H
0x0A94	0x5056      	MOVF        FloatToStr_un_L0+3, 0 
0x0A96	0x0F30      	ADDLW       48
0x0A98	0x6EE6      	MOVWF       POSTINC1 
0x0A9A	0x4A4F      	INFSNZ      FARG_FloatToStr_str, 1 
0x0A9C	0x2A50      	INCF        FARG_FloatToStr_str+1, 1 
;__Lib_Conversions.c,594 :: 		
0x0A9E	0x5057      	MOVF        FloatToStr_bpoint_L0, 0 
0x0AA0	0x0A00      	XORLW       0
0x0AA2	0xE10E      	BNZ         L_FloatToStr104
;__Lib_Conversions.c,595 :: 		
0x0AA4	0x0658      	DECF        FloatToStr_dexpon_L0, 1 
0x0AA6	0x5058      	MOVF        FloatToStr_dexpon_L0, 0 
0x0AA8	0x0A00      	XORLW       0
0x0AAA	0xE10A      	BNZ         L_FloatToStr105
;__Lib_Conversions.c,596 :: 		
0x0AAC	0xFFE1C04F  	MOVFF       FARG_FloatToStr_str, FSR1L
0x0AB0	0xFFE2C050  	MOVFF       FARG_FloatToStr_str+1, FSR1H
0x0AB4	0x0E2E      	MOVLW       46
0x0AB6	0x6EE6      	MOVWF       POSTINC1 
0x0AB8	0x4A4F      	INFSNZ      FARG_FloatToStr_str, 1 
0x0ABA	0x2A50      	INCF        FARG_FloatToStr_str+1, 1 
;__Lib_Conversions.c,597 :: 		
0x0ABC	0x0E01      	MOVLW       1
0x0ABE	0x6E57      	MOVWF       FloatToStr_bpoint_L0 
;__Lib_Conversions.c,598 :: 		
L_FloatToStr105:
L_FloatToStr104:
;__Lib_Conversions.c,589 :: 		
0x0AC0	0x0652      	DECF        FloatToStr_d_L0, 1 
;__Lib_Conversions.c,599 :: 		
0x0AC2	0xD7A9      	BRA         L_FloatToStr101
L_FloatToStr102:
;__Lib_Conversions.c,600 :: 		
L_FloatToStr106:
0x0AC4	0x0EFF      	MOVLW       255
0x0AC6	0x244F      	ADDWF       FARG_FloatToStr_str, 0 
0x0AC8	0x6EE9      	MOVWF       FSR0L 
0x0ACA	0x0EFF      	MOVLW       255
0x0ACC	0x2050      	ADDWFC      FARG_FloatToStr_str+1, 0 
0x0ACE	0x6EEA      	MOVWF       FSR0L+1 
0x0AD0	0x50EE      	MOVF        POSTINC0, 0 
0x0AD2	0x0A30      	XORLW       48
0x0AD4	0xE105      	BNZ         L_FloatToStr107
;__Lib_Conversions.c,601 :: 		
0x0AD6	0x0E01      	MOVLW       1
0x0AD8	0x5E4F      	SUBWF       FARG_FloatToStr_str, 1 
0x0ADA	0x0E00      	MOVLW       0
0x0ADC	0x5A50      	SUBWFB      FARG_FloatToStr_str+1, 1 
0x0ADE	0xD7F2      	BRA         L_FloatToStr106
L_FloatToStr107:
;__Lib_Conversions.c,602 :: 		
0x0AE0	0x0EFF      	MOVLW       255
0x0AE2	0x244F      	ADDWF       FARG_FloatToStr_str, 0 
0x0AE4	0x6EE9      	MOVWF       FSR0L 
0x0AE6	0x0EFF      	MOVLW       255
0x0AE8	0x2050      	ADDWFC      FARG_FloatToStr_str+1, 0 
0x0AEA	0x6EEA      	MOVWF       FSR0L+1 
0x0AEC	0x50EE      	MOVF        POSTINC0, 0 
0x0AEE	0x0A2E      	XORLW       46
0x0AF0	0xE104      	BNZ         L_FloatToStr108
;__Lib_Conversions.c,603 :: 		
0x0AF2	0x0E01      	MOVLW       1
0x0AF4	0x5E4F      	SUBWF       FARG_FloatToStr_str, 1 
0x0AF6	0x0E00      	MOVLW       0
0x0AF8	0x5A50      	SUBWFB      FARG_FloatToStr_str+1, 1 
L_FloatToStr108:
;__Lib_Conversions.c,604 :: 		
0x0AFA	0x5058      	MOVF        FloatToStr_dexpon_L0, 0 
0x0AFC	0x0A00      	XORLW       0
0x0AFE	0xE043      	BZ          L_FloatToStr109
;__Lib_Conversions.c,605 :: 		
0x0B00	0xFFE1C04F  	MOVFF       FARG_FloatToStr_str, FSR1L
0x0B04	0xFFE2C050  	MOVFF       FARG_FloatToStr_str+1, FSR1H
0x0B08	0x0E65      	MOVLW       101
0x0B0A	0x6EE6      	MOVWF       POSTINC1 
0x0B0C	0x4A4F      	INFSNZ      FARG_FloatToStr_str, 1 
0x0B0E	0x2A50      	INCF        FARG_FloatToStr_str+1, 1 
;__Lib_Conversions.c,606 :: 		
0x0B10	0x0E80      	MOVLW       128
0x0B12	0x1858      	XORWF       FloatToStr_dexpon_L0, 0 
0x0B14	0x6E00      	MOVWF       R0 
0x0B16	0x0E80      	MOVLW       128
0x0B18	0x0A00      	XORLW       0
0x0B1A	0x5C00      	SUBWF       R0, 0 
0x0B1C	0xE20B      	BC          L_FloatToStr110
;__Lib_Conversions.c,607 :: 		
0x0B1E	0xFFE1C04F  	MOVFF       FARG_FloatToStr_str, FSR1L
0x0B22	0xFFE2C050  	MOVFF       FARG_FloatToStr_str+1, FSR1H
0x0B26	0x0E2D      	MOVLW       45
0x0B28	0x6EE6      	MOVWF       POSTINC1 
0x0B2A	0x4A4F      	INFSNZ      FARG_FloatToStr_str, 1 
0x0B2C	0x2A50      	INCF        FARG_FloatToStr_str+1, 1 
;__Lib_Conversions.c,608 :: 		
0x0B2E	0x5058      	MOVF        FloatToStr_dexpon_L0, 0 
0x0B30	0x0800      	SUBLW       0
0x0B32	0x6E58      	MOVWF       FloatToStr_dexpon_L0 
;__Lib_Conversions.c,609 :: 		
L_FloatToStr110:
;__Lib_Conversions.c,610 :: 		
0x0B34	0xF052C058  	MOVFF       FloatToStr_dexpon_L0, FloatToStr_d_L0
;__Lib_Conversions.c,611 :: 		
0x0B38	0x0E80      	MOVLW       128
0x0B3A	0x0A09      	XORLW       9
0x0B3C	0x6E00      	MOVWF       R0 
0x0B3E	0x0E80      	MOVLW       128
0x0B40	0x1858      	XORWF       FloatToStr_dexpon_L0, 0 
0x0B42	0x5C00      	SUBWF       R0, 0 
0x0B44	0xE20F      	BC          L_FloatToStr111
;__Lib_Conversions.c,612 :: 		
0x0B46	0x0E0A      	MOVLW       10
0x0B48	0x6E04      	MOVWF       R4 
0x0B4A	0xF000C052  	MOVFF       FloatToStr_d_L0, R0
0x0B4E	0xF001EC0C  	CALL        _Div_8X8_S, 0
0x0B52	0xFFE1C04F  	MOVFF       FARG_FloatToStr_str, FSR1L
0x0B56	0xFFE2C050  	MOVFF       FARG_FloatToStr_str+1, FSR1H
0x0B5A	0x5000      	MOVF        R0, 0 
0x0B5C	0x0F30      	ADDLW       48
0x0B5E	0x6EE6      	MOVWF       POSTINC1 
0x0B60	0x4A4F      	INFSNZ      FARG_FloatToStr_str, 1 
0x0B62	0x2A50      	INCF        FARG_FloatToStr_str+1, 1 
L_FloatToStr111:
;__Lib_Conversions.c,613 :: 		
0x0B64	0x0E0A      	MOVLW       10
0x0B66	0x6E04      	MOVWF       R4 
0x0B68	0xF000C052  	MOVFF       FloatToStr_d_L0, R0
0x0B6C	0xF001EC0C  	CALL        _Div_8X8_S, 0
0x0B70	0xF000C008  	MOVFF       R8, R0
0x0B74	0xFFE1C04F  	MOVFF       FARG_FloatToStr_str, FSR1L
0x0B78	0xFFE2C050  	MOVFF       FARG_FloatToStr_str+1, FSR1H
0x0B7C	0x5000      	MOVF        R0, 0 
0x0B7E	0x0F30      	ADDLW       48
0x0B80	0x6EE6      	MOVWF       POSTINC1 
0x0B82	0x4A4F      	INFSNZ      FARG_FloatToStr_str, 1 
0x0B84	0x2A50      	INCF        FARG_FloatToStr_str+1, 1 
;__Lib_Conversions.c,614 :: 		
L_FloatToStr109:
;__Lib_Conversions.c,615 :: 		
0x0B86	0xFFE1C04F  	MOVFF       FARG_FloatToStr_str, FSR1L
0x0B8A	0xFFE2C050  	MOVFF       FARG_FloatToStr_str+1, FSR1H
0x0B8E	0x6AE6      	CLRF        POSTINC1 
;__Lib_Conversions.c,616 :: 		
0x0B90	0x6A00      	CLRF        R0 
;__Lib_Conversions.c,617 :: 		
L_end_FloatToStr:
0x0B92	0x0012      	RETURN      0
; end of _FloatToStr
_main:
0x0B94	0xF006EC44  	CALL        3208, 0
;temeprature_control.c,8 :: 		void main() {
;temeprature_control.c,10 :: 		ADCON1 = 0b00001100;
0x0B98	0x0E0C      	MOVLW       12
0x0B9A	0x6EC1      	MOVWF       ADCON1 
;temeprature_control.c,11 :: 		ADC_Init();
0x0B9C	0xDC27      	RCALL       _ADC_Init
;temeprature_control.c,13 :: 		TRISD = 0;
0x0B9E	0x6A95      	CLRF        TRISD 
;temeprature_control.c,14 :: 		TRISB = 0;
0x0BA0	0x6A93      	CLRF        TRISB 
;temeprature_control.c,15 :: 		PORTB = 0;
0x0BA2	0x6A81      	CLRF        PORTB 
;temeprature_control.c,16 :: 		PORTD = 0;
0x0BA4	0x6A83      	CLRF        PORTD 
;temeprature_control.c,17 :: 		TRISC.RC2 = 0;
0x0BA6	0x9494      	BCF         TRISC, 2 
;temeprature_control.c,18 :: 		PORTC.RC2 = 0;
0x0BA8	0x9482      	BCF         PORTC, 2 
;temeprature_control.c,20 :: 		UART1_Init(9600);
0x0BAA	0x86B8      	BSF         BAUDCON, 3, 0
0x0BAC	0x6AB0      	CLRF        SPBRGH 
0x0BAE	0x0ECF      	MOVLW       207
0x0BB0	0x6EAF      	MOVWF       SPBRG 
0x0BB2	0x84AC      	BSF         TXSTA, 2, 0
0x0BB4	0xDC80      	RCALL       _UART1_Init
;temeprature_control.c,22 :: 		while(1){
L_main0:
;temeprature_control.c,24 :: 		if(UART1_Data_Ready() == 1){
0x0BB6	0xDC15      	RCALL       _UART1_Data_Ready
0x0BB8	0x5000      	MOVF        R0, 0 
0x0BBA	0x0A01      	XORLW       1
0x0BBC	0xE15B      	BNZ         L_main2
;temeprature_control.c,25 :: 		UART1_Read_Text(control_data, "]", 10);
0x0BBE	0x0E34      	MOVLW       _control_data
0x0BC0	0x6E4B      	MOVWF       FARG_UART1_Read_Text_Output 
0x0BC2	0x0E00      	MOVLW       hi_addr(_control_data)
0x0BC4	0x6E4C      	MOVWF       FARG_UART1_Read_Text_Output+1 
0x0BC6	0x0E17      	MOVLW       ?lstr1_temeprature_control
0x0BC8	0x6E4D      	MOVWF       FARG_UART1_Read_Text_Delimiter 
0x0BCA	0x0E00      	MOVLW       hi_addr(?lstr1_temeprature_control)
0x0BCC	0x6E4E      	MOVWF       FARG_UART1_Read_Text_Delimiter+1 
0x0BCE	0x0E0A      	MOVLW       10
0x0BD0	0x6E4F      	MOVWF       FARG_UART1_Read_Text_Attempts 
0x0BD2	0xDC26      	RCALL       _UART1_Read_Text
;temeprature_control.c,27 :: 		if(control_data[0] == '['){
0x0BD4	0x5034      	MOVF        _control_data, 0 
0x0BD6	0x0A5B      	XORLW       91
0x0BD8	0xE14D      	BNZ         L_main3
;temeprature_control.c,28 :: 		if(control_data[1] == 'C'){
0x0BDA	0x5035      	MOVF        _control_data+1, 0 
0x0BDC	0x0A43      	XORLW       67
0x0BDE	0xE108      	BNZ         L_main4
;temeprature_control.c,29 :: 		if(control_data[2] == '1'){
0x0BE0	0x5036      	MOVF        _control_data+2, 0 
0x0BE2	0x0A31      	XORLW       49
0x0BE4	0xB4D8      	BTFSC       STATUS, 2 
;temeprature_control.c,30 :: 		PORTC.RC2 = 1;
0x0BE6	0x8482      	BSF         PORTC, 2 
;temeprature_control.c,31 :: 		}
L_main5:
;temeprature_control.c,32 :: 		if(control_data[2] == '0'){
0x0BE8	0x5036      	MOVF        _control_data+2, 0 
0x0BEA	0x0A30      	XORLW       48
0x0BEC	0xB4D8      	BTFSC       STATUS, 2 
;temeprature_control.c,33 :: 		PORTC.RC2 = 0;
0x0BEE	0x9482      	BCF         PORTC, 2 
;temeprature_control.c,34 :: 		}
L_main6:
;temeprature_control.c,35 :: 		}
L_main4:
;temeprature_control.c,36 :: 		if(control_data[1] == 'T'){
0x0BF0	0x5035      	MOVF        _control_data+1, 0 
0x0BF2	0x0A54      	XORLW       84
0x0BF4	0xE13F      	BNZ         L_main7
;temeprature_control.c,37 :: 		temp_raw = ADC_Get_Sample(2);
0x0BF6	0x0E02      	MOVLW       2
0x0BF8	0x6E4B      	MOVWF       FARG_ADC_Get_Sample_channel 
0x0BFA	0xDD91      	RCALL       _ADC_Get_Sample
0x0BFC	0xF039C000  	MOVFF       R0, _temp_raw
0x0C00	0xF03AC001  	MOVFF       R1, _temp_raw+1
;temeprature_control.c,38 :: 		temp = (temp_raw*4.9)/10.0;
0x0C04	0xDDA3      	RCALL       _word2double
0x0C06	0x0ECD      	MOVLW       205
0x0C08	0x6E04      	MOVWF       R4 
0x0C0A	0x0ECC      	MOVLW       204
0x0C0C	0x6E05      	MOVWF       R5 
0x0C0E	0x0E1C      	MOVLW       28
0x0C10	0x6E06      	MOVWF       R6 
0x0C12	0x0E81      	MOVLW       129
0x0C14	0x6E07      	MOVWF       R7 
0x0C16	0xF000EC39  	CALL        _Mul_32x32_FP, 0
0x0C1A	0x0E00      	MOVLW       0
0x0C1C	0x6E04      	MOVWF       R4 
0x0C1E	0x0E00      	MOVLW       0
0x0C20	0x6E05      	MOVWF       R5 
0x0C22	0x0E20      	MOVLW       32
0x0C24	0x6E06      	MOVWF       R6 
0x0C26	0x0E82      	MOVLW       130
0x0C28	0x6E07      	MOVWF       R7 
0x0C2A	0xDCBF      	RCALL       _Div_32x32_FP
0x0C2C	0xF030C000  	MOVFF       R0, _temp
0x0C30	0xF031C001  	MOVFF       R1, _temp+1
0x0C34	0xF032C002  	MOVFF       R2, _temp+2
0x0C38	0xF033C003  	MOVFF       R3, _temp+3
;temeprature_control.c,39 :: 		FloatToStr(temp,temp_data);
0x0C3C	0xF04BC000  	MOVFF       R0, FARG_FloatToStr_fnum
0x0C40	0xF04CC001  	MOVFF       R1, FARG_FloatToStr_fnum+1
0x0C44	0xF04DC002  	MOVFF       R2, FARG_FloatToStr_fnum+2
0x0C48	0xF04EC003  	MOVFF       R3, FARG_FloatToStr_fnum+3
0x0C4C	0x0E24      	MOVLW       _temp_data
0x0C4E	0x6E4F      	MOVWF       FARG_FloatToStr_str 
0x0C50	0x0E00      	MOVLW       hi_addr(_temp_data)
0x0C52	0x6E50      	MOVWF       FARG_FloatToStr_str+1 
0x0C54	0xDD8F      	RCALL       _FloatToStr
;temeprature_control.c,40 :: 		Ltrim(temp_data);
0x0C56	0x0E24      	MOVLW       _temp_data
0x0C58	0x6E4B      	MOVWF       FARG_Ltrim_string 
0x0C5A	0x0E00      	MOVLW       hi_addr(_temp_data)
0x0C5C	0x6E4C      	MOVWF       FARG_Ltrim_string+1 
0x0C5E	0xDC6E      	RCALL       _Ltrim
;temeprature_control.c,42 :: 		UART1_Write_Text(temp_data);
0x0C60	0x0E24      	MOVLW       _temp_data
0x0C62	0x6E4B      	MOVWF       FARG_UART1_Write_Text_uart_text 
0x0C64	0x0E00      	MOVLW       hi_addr(_temp_data)
0x0C66	0x6E4C      	MOVWF       FARG_UART1_Write_Text_uart_text+1 
0x0C68	0xDC51      	RCALL       _UART1_Write_Text
;temeprature_control.c,43 :: 		UART1_Write_Text("\n");
0x0C6A	0x0E15      	MOVLW       ?lstr2_temeprature_control
0x0C6C	0x6E4B      	MOVWF       FARG_UART1_Write_Text_uart_text 
0x0C6E	0x0E00      	MOVLW       hi_addr(?lstr2_temeprature_control)
0x0C70	0x6E4C      	MOVWF       FARG_UART1_Write_Text_uart_text+1 
0x0C72	0xDC4C      	RCALL       _UART1_Write_Text
;temeprature_control.c,45 :: 		}
L_main7:
;temeprature_control.c,46 :: 		}
L_main3:
;temeprature_control.c,47 :: 		}
L_main2:
;temeprature_control.c,49 :: 		}
0x0C74	0xD7A0      	BRA         L_main0
;temeprature_control.c,53 :: 		}
L_end_main:
0x0C76	0xD7FF      	BRA         $+0
; end of _main
0x0C88	0xF015EE10  	LFSR        1, 21
0x0C8C	0x0E0F      	MOVLW       15
0x0C8E	0x6E00      	MOVWF       R0 
0x0C90	0x0E01      	MOVLW       1
0x0C92	0x6E01      	MOVWF       R1 
0x0C94	0x0E78      	MOVLW       120
0x0C96	0x6EF6      	MOVWF       TBLPTR 
0x0C98	0x0E0C      	MOVLW       12
0x0C9A	0x6EF7      	MOVWF       TBLPTRH 
0x0C9C	0x0E00      	MOVLW       0
0x0C9E	0x6EF8      	MOVWF       TBLPTRU 
0x0CA0	0xF002EC08  	CALL        1040, 0
0x0CA4	0x0012      	RETURN      0
;temeprature_control.c,0 :: ?ICS?lstr2_temeprature_control
0x0C78	0x000A ;?ICS?lstr2_temeprature_control+0
; end of ?ICS?lstr2_temeprature_control
;temeprature_control.c,0 :: ?ICS?lstr1_temeprature_control
0x0C7A	0x005D ;?ICS?lstr1_temeprature_control+0
; end of ?ICS?lstr1_temeprature_control
;__Lib_ADC_A_D.c,0 :: ?ICS_vref_mask
0x0C7C	0x30 ;?ICS_vref_mask+0
; end of ?ICS_vref_mask
;__Lib_Conversions.c,0 :: ?ICS?lstr1___Lib_Conversions
0x0C7D	0x614E ;?ICS?lstr1___Lib_Conversions+0
0x0C7F	0x004E ;?ICS?lstr1___Lib_Conversions+2
; end of ?ICS?lstr1___Lib_Conversions
;__Lib_Conversions.c,0 :: ?ICS?lstr2___Lib_Conversions
0x0C81	0x0030 ;?ICS?lstr2___Lib_Conversions+0
; end of ?ICS?lstr2___Lib_Conversions
;__Lib_Conversions.c,0 :: ?ICS?lstr3___Lib_Conversions
0x0C83	0x4E49 ;?ICS?lstr3___Lib_Conversions+0
0x0C85	0x0046 ;?ICS?lstr3___Lib_Conversions+2
; end of ?ICS?lstr3___Lib_Conversions
Symbol List:
//** Routines locations **
//ADDRESS    SIZE    PROCEDURE
//----------------------------------------------
0x001C       [8]    _FIXSIGN32
0x0024      [24]    _SETFOV32
0x003C      [14]    _RES032
0x004A      [26]    _SETFUN32
0x0064      [14]    _UART1_Write
0x0072     [288]    _Mul_32x32_FP
0x0192      [12]    _Delay_22us
0x019E     [114]    _NRM3232
0x0210       [8]    _SETFDZ32
0x0218     [158]    _Div_8X8_S
0x02B6     [206]    _Compare_Double
0x0384      [76]    _strcpy
0x03D0      [18]    _UART1_Read
0x03E2      [10]    _UART1_Data_Ready
0x03EC      [36]    _ADC_Init
0x0410      [16]    ___CC2DW
0x0420     [150]    _UART1_Read_Text
0x04B6      [86]    _UART1_Init
0x050C      [48]    _UART1_Write_Text
0x053C     [110]    _Ltrim
0x05AA     [372]    _Div_32x32_FP
0x071E      [46]    _ADC_Get_Sample
0x074C      [40]    _word2double
0x0774    [1056]    _FloatToStr
0x0B94     [228]    _main
//** Variables locations ** 
//ADDRESS    SIZE    VARIABLE
//----------------------------------------------
0x0000       [1]    UART1_Init_tmp_L0
0x0000       [1]    R0
0x0001       [1]    __Lib_Conversions_Adjust_Hex_tmp_L0
0x0001       [1]    UART1_Read___tmp_UART1_Read_L0
0x0001       [1]    R1
0x0002       [2]    memchr_s_L0
0x0002       [2]    memset_pp_L0
0x0002       [2]    strlen_cp_L0
0x0002       [1]    R2
0x0002       [2]    memcpy_dd_L0
0x0003       [2]    Ltrim_original_L0
0x0003       [1]    R3
0x0003       [2]    memmove_tt_L0
0x0004       [2]    strncat_cp_L0
0x0004       [2]    strcat_cp_L0
0x0004       [2]    strncpy_cp_L0
0x0004       [2]    strcpy_cp_L0
0x0004       [1]    R4
0x0004       [2]    memcpy_ss_L0
0x0005       [2]    memmove_ff_L0
0x0005       [1]    R5
0x0005       [2]    LongIntToHex_input_half_L0
0x0005       [2]    LongWordToHex_input_half_L0
0x0005       [2]    Ltrim_p_L0
0x0006       [1]    R6
0x0007       [1]    R7
0x0008       [1]    R8
0x0009       [1]    R9
0x000A       [1]    R10
0x000B       [1]    R11
0x000C       [1]    R12
0x000D       [1]    R13
0x000E       [1]    R14
0x000F       [1]    R15
0x0010       [1]    R16
0x0011       [1]    R17
0x0012       [1]    R18
0x0013       [1]    R19
0x0014       [1]    R20
0x0015       [2]    ?lstr2_temeprature_control
0x0017       [2]    ?lstr1_temeprature_control
0x0019       [1]    _vref_mask
0x001A       [4]    ?lstr1___Lib_Conversions
0x001E       [2]    ?lstr2___Lib_Conversions
0x0020       [4]    ?lstr3___Lib_Conversions
0x0024       [8]    _temp_data
0x002C       [4]    _ADC_Get_Sample_Ptr
0x0030       [4]    _temp
0x0034       [5]    _control_data
0x0039       [2]    _temp_raw
0x003B       [4]    _UART_Rd_Ptr
0x003F       [4]    _UART_Rdy_Ptr
0x0043       [4]    _UART_Tx_Idle_Ptr
0x0047       [4]    _UART_Wr_Ptr
0x004B       [2]    FARG_UART1_Write_Text_uart_text
0x004B       [2]    FARG_UART1_Read_Text_Output
0x004B       [2]    FARG_Ltrim_string
0x004B       [4]    FARG_FloatToStr_fnum
0x004B       [1]    FARG_ADC_Get_Sample_channel
0x004D       [2]    Ltrim_trimmed_L0
0x004D       [2]    FARG_UART1_Read_Text_Delimiter
0x004D       [1]    UART1_Write_Text_data__L0
0x004E       [1]    UART1_Write_Text_counter_L0
0x004F       [1]    FARG_UART1_Read_Text_Attempts
0x004F       [2]    FARG_FloatToStr_str
0x0050       [1]    UART1_Read_Text_r_data_L0
0x0051       [1]    UART1_Read_Text_out_idx_L0
0x0051       [1]    FloatToStr_i_L0
0x0052       [1]    UART1_Read_Text_delim_idx_L0
0x0052       [1]    FloatToStr_d_L0
0x0053       [4]    FloatToStr_un_L0
0x0057       [1]    FloatToStr_bpoint_L0
0x0058       [1]    FloatToStr_dexpon_L0
0x0059       [1]    FARG_UART1_Write_data_
0x0059       [2]    FARG_strcpy_to
0x005B       [2]    FARG_strcpy_from
0x0F81       [1]    PORTB
0x0F82       [1]    PORTC
0x0F83       [1]    PORTD
0x0F93       [1]    TRISB
0x0F94       [0]    TRISC6_bit
0x0F94       [1]    TRISC
0x0F94       [0]    TRISC7_bit
0x0F95       [1]    TRISD
0x0F9E       [1]    PIR1
0x0FAB       [1]    RCSTA
0x0FAC       [1]    TXSTA
0x0FAD       [1]    TXREG
0x0FAE       [1]    RCREG
0x0FAF       [1]    SPBRG
0x0FB0       [1]    SPBRGH
0x0FB8       [1]    BAUDCON
0x0FC0       [1]    ADCON2
0x0FC1       [1]    ADCON1
0x0FC2       [1]    ADCON0
0x0FC3       [1]    ADRESL
0x0FC4       [1]    ADRESH
0x0FD8       [1]    STATUS
0x0FD9       [1]    FSR2L
0x0FDA       [1]    FSR2H
0x0FDE       [1]    POSTINC2
0x0FE0       [1]    BSR
0x0FE1       [1]    FSR1L
0x0FE2       [1]    FSR1H
0x0FE4       [1]    PREINC1
0x0FE6       [1]    POSTINC1
0x0FE7       [1]    INDF1
0x0FE8       [1]    WREG
0x0FE9       [1]    FSR0L
0x0FEA       [1]    FSR0H
0x0FEE       [1]    POSTINC0
0x0FF3       [1]    PRODL
0x0FF4       [1]    PRODH
0x0FF5       [1]    TABLAT
0x0FF6       [1]    TBLPTRL
0x0FF6       [3]    TBLPTR
0x0FF7       [1]    TBLPTRH
0x0FF8       [1]    TBLPTRU
//** Constants locations ** 
//ADDRESS    SIZE    CONSTANT
//----------------------------------------------
0x0C78       [2]    ?ICS?lstr2_temeprature_control
0x0C7A       [2]    ?ICS?lstr1_temeprature_control
0x0C7C       [1]    ?ICS_vref_mask
0x0C7D       [4]    ?ICS?lstr1___Lib_Conversions
0x0C81       [2]    ?ICS?lstr2___Lib_Conversions
0x0C83       [4]    ?ICS?lstr3___Lib_Conversions
